Scope Types:

none:
Evaluate Triggers: yes
Execute Effects: yes
Change Scopes: yes
Save Token: none
Stores Variables: no

value:
Evaluate Triggers: no
Execute Effects: no
Change Scopes: no
Save Token: value
Stores Variables: no

boolean:
Evaluate Triggers: no
Execute Effects: no
Change Scopes: no
Save Token: boolean
Stores Variables: no

flag:
Evaluate Triggers: no
Execute Effects: no
Change Scopes: no
Save Token: flag
Stores Variables: no

character:
Evaluate Triggers: yes
Execute Effects: yes
Change Scopes: yes
Save Token: char
Stores Variables: yes

landed_title:
Evaluate Triggers: yes
Execute Effects: yes
Change Scopes: yes
Save Token: lt
Stores Variables: yes

activity:
Evaluate Triggers: yes
Execute Effects: yes
Change Scopes: yes
Save Token: act
Stores Variables: yes

secret:
Evaluate Triggers: yes
Execute Effects: yes
Change Scopes: yes
Save Token: sec
Stores Variables: yes

province:
Evaluate Triggers: yes
Execute Effects: yes
Change Scopes: yes
Save Token: prov
Stores Variables: yes

scheme:
Evaluate Triggers: yes
Execute Effects: yes
Change Scopes: yes
Save Token: scheme
Stores Variables: yes

combat:
Evaluate Triggers: yes
Execute Effects: yes
Change Scopes: yes
Save Token: com
Stores Variables: yes

combat_side:
Evaluate Triggers: yes
Execute Effects: yes
Change Scopes: yes
Save Token: combsi
Stores Variables: yes

title_and_vassal_change:
Evaluate Triggers: yes
Execute Effects: yes
Change Scopes: yes
Save Token: tvc
Stores Variables: no

faith:
Evaluate Triggers: yes
Execute Effects: yes
Change Scopes: yes
Save Token: faith
Stores Variables: yes

ghw:
Evaluate Triggers: yes
Execute Effects: yes
Change Scopes: yes
Save Token: ghw
Stores Variables: yes

religion:
Evaluate Triggers: yes
Execute Effects: yes
Change Scopes: yes
Save Token: religion
Stores Variables: yes

war:
Evaluate Triggers: yes
Execute Effects: yes
Change Scopes: yes
Save Token: war
Stores Variables: yes

story:
Evaluate Triggers: yes
Execute Effects: yes
Change Scopes: yes
Save Token: story
Stores Variables: yes

casus_belli:
Evaluate Triggers: yes
Execute Effects: yes
Change Scopes: yes
Save Token: cb
Stores Variables: no

dynasty:
Evaluate Triggers: yes
Execute Effects: yes
Change Scopes: yes
Save Token: dyn
Stores Variables: yes

dynasty_house:
Evaluate Triggers: yes
Execute Effects: yes
Change Scopes: yes
Save Token: dyn_house
Stores Variables: yes

faction:
Evaluate Triggers: yes
Execute Effects: yes
Change Scopes: yes
Save Token: fac
Stores Variables: yes

culture:
Evaluate Triggers: yes
Execute Effects: yes
Change Scopes: yes
Save Token: culture
Stores Variables: yes

army:
Evaluate Triggers: yes
Execute Effects: yes
Change Scopes: yes
Save Token: army
Stores Variables: yes

holy_order:
Evaluate Triggers: yes
Execute Effects: yes
Change Scopes: yes
Save Token: ho
Stores Variables: no

council_task:
Evaluate Triggers: yes
Execute Effects: yes
Change Scopes: yes
Save Token: council_task
Stores Variables: no

mercenary_company:
Evaluate Triggers: yes
Execute Effects: yes
Change Scopes: yes
Save Token: mc
Stores Variables: no

artifact:
Evaluate Triggers: yes
Execute Effects: yes
Change Scopes: yes
Save Token: artifact
Stores Variables: yes

inspiration:
Evaluate Triggers: yes
Execute Effects: yes
Change Scopes: yes
Save Token: insp
Stores Variables: yes

struggle:
Evaluate Triggers: yes
Execute Effects: yes
Change Scopes: yes
Save Token: struggle
Stores Variables: yes

character_memory:
Evaluate Triggers: yes
Execute Effects: yes
Change Scopes: yes
Save Token: char_mem
Stores Variables: yes

travel_plan:
Evaluate Triggers: yes
Execute Effects: yes
Change Scopes: yes
Save Token: travel_plan
Stores Variables: yes

accolade:
Evaluate Triggers: yes
Execute Effects: yes
Change Scopes: yes
Save Token: accolade
Stores Variables: yes

accolade_type:
Evaluate Triggers: yes
Execute Effects: no
Change Scopes: yes
Save Token: accolade_type
Stores Variables: no

decision:
Evaluate Triggers: yes
Execute Effects: no
Change Scopes: yes
Save Token: decision
Stores Variables: no

doctrine:
Evaluate Triggers: yes
Execute Effects: no
Change Scopes: yes
Save Token: doctrine
Stores Variables: no

activity_type:
Evaluate Triggers: yes
Execute Effects: no
Change Scopes: yes
Save Token: activity_type
Stores Variables: no

culture_tradition:
Evaluate Triggers: yes
Execute Effects: no
Change Scopes: yes
Save Token: culture_tradition
Stores Variables: no

culture_pillar:
Evaluate Triggers: yes
Execute Effects: no
Change Scopes: yes
Save Token: culture_pillar
Stores Variables: no

government_type:
Evaluate Triggers: yes
Execute Effects: no
Change Scopes: yes
Save Token: government_type
Stores Variables: no

trait:
Evaluate Triggers: yes
Execute Effects: no
Change Scopes: yes
Save Token: trait
Stores Variables: no

vassal_contract:
Evaluate Triggers: yes
Execute Effects: no
Change Scopes: yes
Save Token: vassal_contract
Stores Variables: no

vassal_contract_obligation_level:
Evaluate Triggers: yes
Execute Effects: yes
Change Scopes: yes
Save Token: vcol
Stores Variables: no

