Event Target Documentation:

--------------------

house_founder - Unknown, add something in code registration
Input Scopes: dynasty house
Output Scopes: character

--------------------

house_head - Unknown, add something in code registration
Input Scopes: dynasty house
Output Scopes: character

--------------------

last_house_head - Unknown, add something in code registration
Input Scopes: dynasty house
Output Scopes: character

--------------------

capital_vassal - Unknown, add something in code registration
Input Scopes: landed title
Output Scopes: landed title

--------------------

controlled_faith - Unknown, add something in code registration
Input Scopes: landed title
Output Scopes: faith

--------------------

current_heir - Unknown, add something in code registration
Input Scopes: landed title
Output Scopes: character

--------------------

de_facto_liege - Unknown, add something in code registration
Input Scopes: landed title
Output Scopes: landed title

--------------------

de_jure_liege - Unknown, add something in code registration
Input Scopes: landed title
Output Scopes: landed title

--------------------

holder - Unknown, add something in code registration
Input Scopes: landed title
Output Scopes: character

--------------------

lessee - Unknown, add something in code registration
Input Scopes: landed title
Output Scopes: character

--------------------

lessee_title - Unknown, add something in code registration
Input Scopes: landed title
Output Scopes: landed title

--------------------

previous_holder - Unknown, add something in code registration
Input Scopes: landed title
Output Scopes: character

--------------------

title_capital_county - Unknown, add something in code registration
Input Scopes: landed title
Output Scopes: landed title

--------------------

title_province - Unknown, add something in code registration
Input Scopes: landed title
Output Scopes: province

--------------------

culture_head - Unknown, add something in code registration
Input Scopes: culture
Output Scopes: character

--------------------

activity - Unknown, add something in code registration
Input Scopes: character
Output Scopes: activity

--------------------

betrothed - Unknown, add something in code registration
Input Scopes: character
Output Scopes: character

--------------------

capital_barony - Unknown, add something in code registration
Input Scopes: character
Output Scopes: landed title

--------------------

capital_county - Unknown, add something in code registration
Input Scopes: character
Output Scopes: landed title

--------------------

capital_province - Unknown, add something in code registration
Input Scopes: character
Output Scopes: province

--------------------

commanding_army - Unknown, add something in code registration
Input Scopes: character
Output Scopes: army

--------------------

concubinist - Unknown, add something in code registration
Input Scopes: character
Output Scopes: character

--------------------

council_task - Unknown, add something in code registration
Input Scopes: character
Output Scopes: council task

--------------------

council_task - Unknown, add something in code registration
Requires Data: yes
Input Scopes: character
Output Scopes: council task

--------------------

councillor_task_target - Unknown, add something in code registration
Input Scopes: character

--------------------

court_owner - Unknown, add something in code registration
Input Scopes: character
Output Scopes: character

--------------------

cp - Unknown, add something in code registration
Requires Data: yes
Input Scopes: character
Output Scopes: character

--------------------

designated_heir - Unknown, add something in code registration
Input Scopes: character
Output Scopes: character

--------------------

dynasty - Unknown, add something in code registration
Input Scopes: character
Output Scopes: dynasty

--------------------

employer - Unknown, add something in code registration
Input Scopes: character
Output Scopes: character

--------------------

father - Unknown, add something in code registration
Input Scopes: character
Output Scopes: character

--------------------

ghw_beneficiary - Unknown, add something in code registration
Input Scopes: character
Output Scopes: character

--------------------

host - Unknown, add something in code registration
Input Scopes: character
Output Scopes: character

--------------------

house - Unknown, add something in code registration
Input Scopes: character
Output Scopes: dynasty house

--------------------

imprisoner - Unknown, add something in code registration
Input Scopes: character
Output Scopes: character

--------------------

joined_faction - Unknown, add something in code registration
Input Scopes: character
Output Scopes: faction

--------------------

killer - Unknown, add something in code registration
Input Scopes: character
Output Scopes: character

--------------------

knight_army - Unknown, add something in code registration
Input Scopes: character
Output Scopes: army

--------------------

liege - Unknown, add something in code registration
Input Scopes: character
Output Scopes: character

--------------------

liege_or_court_owner - Unknown, add something in code registration
Input Scopes: character
Output Scopes: character

--------------------

matchmaker - Unknown, add something in code registration
Input Scopes: character
Output Scopes: character

--------------------

mother - Unknown, add something in code registration
Input Scopes: character
Output Scopes: character

--------------------

player_heir - Unknown, add something in code registration
Input Scopes: character
Output Scopes: character

--------------------

pregnancy_assumed_father - Unknown, add something in code registration
Input Scopes: character
Output Scopes: character

--------------------

pregnancy_real_father - Unknown, add something in code registration
Input Scopes: character
Output Scopes: character

--------------------

primary_heir - Unknown, add something in code registration
Input Scopes: character
Output Scopes: character

--------------------

primary_partner - Unknown, add something in code registration
Input Scopes: character
Output Scopes: character

--------------------

primary_spouse - Unknown, add something in code registration
Input Scopes: character
Output Scopes: character

--------------------

primary_title - Unknown, add something in code registration
Input Scopes: character
Output Scopes: landed title

--------------------

real_father - Unknown, add something in code registration
Input Scopes: character
Output Scopes: character

--------------------

realm_priest - Unknown, add something in code registration
Input Scopes: character
Output Scopes: character

--------------------

top_liege - Unknown, add something in code registration
Input Scopes: character
Output Scopes: character

--------------------

vassal_contract_obligation_level - The level of the provided contract type in the scoped objects current vassal contract
Requires Data: yes
Input Scopes: character
Output Scopes: value

--------------------

culture_group - Unknown, add something in code registration
Input Scopes: character, landed title, province, culture
Output Scopes: culture group

--------------------

great_holy_war - Unknown, add something in code registration
Input Scopes: faith
Output Scopes: great holy war

--------------------

religious_head - Unknown, add something in code registration
Input Scopes: faith
Output Scopes: character

--------------------

religious_head_title - Unknown, add something in code registration
Input Scopes: faith
Output Scopes: landed title

--------------------

secret_owner - Unknown, add something in code registration
Input Scopes: secret
Output Scopes: character

--------------------

secret_target - Unknown, add something in code registration
Input Scopes: secret
Output Scopes: character

--------------------

province_owner - Unknown, add something in code registration
Input Scopes: province
Output Scopes: character

--------------------

culture - Unknown, add something in code registration
Input Scopes: character, landed title, province
Output Scopes: culture

--------------------

holy_order_patron - Unknown, add something in code registration
Input Scopes: holy order
Output Scopes: character

--------------------

leader - Unknown, add something in code registration
Input Scopes: holy order
Output Scopes: character

--------------------

title - Unknown, add something in code registration
Input Scopes: holy order
Output Scopes: landed title

--------------------

army_commander - Unknown, add something in code registration
Input Scopes: army
Output Scopes: character

--------------------

army_owner - Unknown, add something in code registration
Input Scopes: army
Output Scopes: character

--------------------

blue - The blue value of a color
Input Scopes: color
Output Scopes: value

--------------------

brightness - The brightness value of a color
Input Scopes: color
Output Scopes: value

--------------------

green - The green value of a color
Input Scopes: color
Output Scopes: value

--------------------

hue - The hue value of a color
Input Scopes: color
Output Scopes: value

--------------------

red - The red value of a color
Input Scopes: color
Output Scopes: value

--------------------

saturation - The saturation value of a color
Input Scopes: color
Output Scopes: value

--------------------

combat - Unknown, add something in code registration
Input Scopes: combat side
Output Scopes: combat

--------------------

enemy_side - Unknown, add something in code registration
Input Scopes: combat side
Output Scopes: combat side

--------------------

side_commander - Unknown, add something in code registration
Input Scopes: combat side
Output Scopes: character

--------------------

side_primary_participant - Unknown, add something in code registration
Input Scopes: combat side
Output Scopes: character

--------------------

ghw_designated_winner - Unknown, add something in code registration
Input Scopes: great holy war
Output Scopes: character

--------------------

ghw_target_character - Unknown, add something in code registration
Input Scopes: great holy war
Output Scopes: character

--------------------

ghw_target_title - Unknown, add something in code registration
Input Scopes: great holy war
Output Scopes: landed title

--------------------

ghw_title_recipient - Unknown, add something in code registration
Input Scopes: great holy war
Output Scopes: character

--------------------

ghw_war - Unknown, add something in code registration
Input Scopes: great holy war
Output Scopes: war

--------------------

ghw_war_declarer - Unknown, add something in code registration
Input Scopes: great holy war
Output Scopes: character

--------------------

dynast - Unknown, add something in code registration
Input Scopes: dynasty
Output Scopes: character

--------------------

scheme_defender - Unknown, add something in code registration
Input Scopes: scheme
Output Scopes: character

--------------------

scheme_owner - Unknown, add something in code registration
Input Scopes: scheme
Output Scopes: character

--------------------

scheme_target - Unknown, add something in code registration
Input Scopes: scheme
Output Scopes: character

--------------------

councillor - Scope to the councillor in a council task
Input Scopes: council task
Output Scopes: character

--------------------

claimant - Unknown, add something in code registration
Input Scopes: war, casus belli
Output Scopes: character

--------------------

primary_attacker - Unknown, add something in code registration
Input Scopes: war, casus belli
Output Scopes: character

--------------------

primary_defender - Unknown, add something in code registration
Input Scopes: war, casus belli
Output Scopes: character

--------------------

combat_attacker - Unknown, add something in code registration
Input Scopes: combat
Output Scopes: combat side

--------------------

combat_defender - Unknown, add something in code registration
Input Scopes: combat
Output Scopes: combat side

--------------------

combat_war - Unknown, add something in code registration
Input Scopes: combat
Output Scopes: war

--------------------

location - Unknown, add something in code registration
Input Scopes: character, combat, army
Output Scopes: province

--------------------

faith - Unknown, add something in code registration
Input Scopes: character, landed title, province, great holy war
Output Scopes: faith

--------------------

story_owner - Unknown, add something in code registration
Input Scopes: story cycle
Output Scopes: character

--------------------

faction_leader - Unknown, add something in code registration
Input Scopes: faction
Output Scopes: character

--------------------

faction_target - Unknown, add something in code registration
Input Scopes: faction
Output Scopes: character

--------------------

faction_war - Unknown, add something in code registration
Input Scopes: faction
Output Scopes: war

--------------------

special_character - Unknown, add something in code registration
Input Scopes: faction
Output Scopes: character

--------------------

special_title - Unknown, add something in code registration
Input Scopes: faction
Output Scopes: landed title

--------------------

religion - Unknown, add something in code registration
Input Scopes: character, landed title, province, faith, great holy war
Output Scopes: religion

--------------------

casus_belli - Unknown, add something in code registration
Input Scopes: war
Output Scopes: casus belli

--------------------

activity_owner - Unknown, add something in code registration
Input Scopes: activity
Output Scopes: character

--------------------

activity_province - Unknown, add something in code registration
Input Scopes: activity
Output Scopes: province

--------------------

war - Unknown, add something in code registration
Input Scopes: casus belli
Output Scopes: war

--------------------

barony - Unknown, add something in code registration
Input Scopes: landed title, province
Output Scopes: landed title

--------------------

barony_controller - Unknown, add something in code registration
Input Scopes: landed title, province
Output Scopes: character

--------------------

county - Unknown, add something in code registration
Input Scopes: landed title, province
Output Scopes: landed title

--------------------

county_controller - Unknown, add something in code registration
Input Scopes: landed title, province
Output Scopes: character

--------------------

duchy - Unknown, add something in code registration
Input Scopes: landed title, province
Output Scopes: landed title

--------------------

empire - Unknown, add something in code registration
Input Scopes: landed title, province
Output Scopes: landed title

--------------------

kingdom - Unknown, add something in code registration
Input Scopes: landed title, province
Output Scopes: landed title

--------------------

array_define - Reference the value of a numeric value in an array define: array_define:Namespace|Name|Index. Index is 0-based.
Requires Data: yes
Global Link: yes
Output Scopes: value

--------------------

character - Unknown, add something in code registration
Requires Data: yes
Global Link: yes
Output Scopes: character

--------------------

compare_value - A comparison trigger that will return its value in the context it is used eg: root.gold
Wild Card: yes
Output Scopes: value

--------------------

culture - Unknown, add something in code registration
Requires Data: yes
Global Link: yes
Output Scopes: culture

--------------------

culture_group - Unknown, add something in code registration
Requires Data: yes
Global Link: yes
Output Scopes: culture group

--------------------

custom - Adds custom text between scope changes
Requires Data: yes

--------------------

define - Reference the value of a numeric define: define:Namespace|Name
Requires Data: yes
Global Link: yes
Output Scopes: value

--------------------

dummy_female - Unknown, add something in code registration
Global Link: yes
Output Scopes: character

--------------------

dummy_male - Unknown, add something in code registration
Global Link: yes
Output Scopes: character

--------------------

dynasty - Unknown, add something in code registration
Requires Data: yes
Output Scopes: dynasty

--------------------

event_id - Unknown, add something in code registration
Global Link: yes
Output Scopes: flag

--------------------

faith - Unknown, add something in code registration
Requires Data: yes
Global Link: yes
Output Scopes: faith

--------------------

flag - Flag literals eg: flag:the_boss
Requires Data: yes
Global Link: yes
Output Scopes: flag

--------------------

global_var - Reference a previous set global variable via its name eg: global_var:important_thing
Requires Data: yes
Global Link: yes

--------------------

house - Unknown, add something in code registration
Requires Data: yes
Output Scopes: dynasty house

--------------------

local_var - Reference a previous set local variable via its name eg: local_var:person_of_interest
Requires Data: yes
Global Link: yes

--------------------

named_script_value - A script value that will calculate and returns its value in the context it is used
Wild Card: yes
Output Scopes: value

--------------------

no - Boolean literal for false values
Global Link: yes
Output Scopes: bool

--------------------

prev - The previous scope

--------------------

province - Directly scope to a specific province by its ID
Requires Data: yes
Global Link: yes
Output Scopes: province

--------------------

religion - Unknown, add something in code registration
Requires Data: yes
Global Link: yes
Output Scopes: religion

--------------------

root - The head of the current top scope eg: reciever of an event, taker of a decision
Global Link: yes

--------------------

scope - Reference a previously saved scope via its name eg: scope:target
Requires Data: yes
Global Link: yes

--------------------

this - The current scope

--------------------

title - Unknown, add something in code registration
Requires Data: yes
Global Link: yes
Output Scopes: landed title

--------------------

value - A numeric literal value eg: 1, 5.2, -6
Wild Card: yes
Global Link: yes
Output Scopes: value

--------------------

var - Reference a previous set variable via its name eg: var:mortal_enemy
Requires Data: yes

--------------------

yes - Boolean literal for true values
Global Link: yes
Output Scopes: bool

--------------------

Event Targets Saved from Code:

context
actor
activity
recipient
target
owner
scheme
agent
combat
combat_side
combat_enemy_side
duel_target
child
mother
father
real_father
is_bastard
first
second
attacker
defender
attackers
defenders
war
invalidated_by_script
killer
story
secondary_actor
secondary_recipient
matrilineal
discoverer
landed_title
title
friendly_commander
enemy_commander
friendly_battle_owner
enemy_battle_owner
province
victory
imprisoner
none
target_titles
secret_exposer
blackmailer
gift
hook
claimant
holder
county
barony
councillor
councillor_liege
liege
old_liege
courtier
host
guest
characters
gold_paid
gold_received
vassal
faction
target_character
new_title
army
old_location
new_location
old_employer
new_employer
previous_controller
occupied_baronies
duel_value
faction_member
selected_doctrines
cb_prestige_factor
old_faith
new_faith
faith
army_owner
lessee
ruler
decision_type
value
real_value
great_holy_war
name_character_target
base
replacement
new_holy_order
council_task
patron
leader
candidate
holder_candidate
previous_holder
previous_defender
num_missing
quarter
opinion_of_liege
exposed
commanders
knights
is_child_of_concubine
concubine
character
court_physician
culture
old_culture
special
dangerous
secret_owner
secret_target
mass_action
spouse
new_holder
raider
wipe
text_target
script
reason
death
timeout
conquest
conquest_holy_war
conquest_claim
conquest_populist
inheritance
abdication
destroyed
created
usurped
granted
revoked
election
independency
returned
leased_out
lease_revoked
faction_demand
swear_fealty
transfer_type
female
ally
ruler_designer
current_weight
weight_for_portrait
prowess
will_override_government
