Printing Modifier Definitions:
Tag: vassal_levy_contribution_mult
Use areas: character

Tag: befriend_scheme_resistance_mult
Use areas: character

Tag: frankish_opinion
Use areas: character

Tag: desert_construction_gold_cost
Use areas: character, province, and county

Tag: ai_boldness
Use areas: character

Tag: holy_order_government_opinion_same_faith
Use areas: character

Tag: seduce_scheme_power_add
Use areas: character

Tag: courtier_and_guest_opinion
Use areas: character

Tag: floodplains_construction_piety_cost
Use areas: character, province, and county

Tag: hostile_scheme_power_mult
Use areas: character

Tag: winter_movement_speed
Use areas: character

Tag: monthly_piety_gain_per_happy_powerful_vassal_add
Use areas: character

Tag: kurdish_opinion
Use areas: character

Tag: monthly_prestige_gain_per_knight_mult
Use areas: character

Tag: mercenary_hire_cost_mult
Use areas: character

Tag: tsangpa_opinion
Use areas: character

Tag: steppe_construction_gold_cost
Use areas: character, province, and county

Tag: drylands_cancel_negative_supply
Use areas: character

Tag: anglo_saxon_opinion
Use areas: character

Tag: faith_conversion_piety_cost_mult
Use areas: character

Tag: church_holding_build_prestige_cost
Use areas: character, province, and county

Tag: archers_maintenance_mult
Use areas: character

Tag: siege_weapon_damage_mult
Use areas: character

Tag: taiga_construction_gold_cost
Use areas: character, province, and county

Tag: heavy_infantry_max_size_add
Use areas: character

Tag: elephant_cavalry_toughness_mult
Use areas: character

Tag: marka_opinion
Use areas: character

Tag: dread_gain_mult
Use areas: character

Tag: frisian_opinion
Use areas: character

Tag: welayta_opinion
Use areas: character

Tag: fellow_vassal_opinion
Use areas: character

Tag: pikemen_pursuit_add
Use areas: character

Tag: domain_limit
Use areas: character

Tag: levantine_opinion
Use areas: character

Tag: learn_language_scheme_power_mult
Use areas: character

Tag: avar_opinion
Use areas: character

Tag: mercenary_count_mult
Use areas: culture

Tag: jungle_development_growth_factor
Use areas: character, province, and county

Tag: bosnian_opinion
Use areas: character

Tag: steppe_max_combat_roll
Use areas: character

Tag: sumpa_opinion
Use areas: character

Tag: no_water_crossing_penalty
Use areas: character

Tag: domain_tax_different_faith_mult
Use areas: character

Tag: persian_opinion
Use areas: character

Tag: wetlands_min_combat_roll
Use areas: character

Tag: prowess_per_stress_level
Use areas: character

Tag: ongud_opinion
Use areas: character

Tag: max_courting_schemes_add
Use areas: character

Tag: skirmishers_max_size_mult
Use areas: character

Tag: siege_weapon_siege_value_mult
Use areas: character

Tag: farmlands_attrition_mult
Use areas: character

Tag: liege_opinion
Use areas: character

Tag: army_screen_mult
Use areas: character

Tag: oasis_max_combat_roll
Use areas: character

Tag: title_creation_cost
Use areas: character

Tag: desert_construction_piety_cost
Use areas: character, province, and county

Tag: murder_scheme_resistance_add
Use areas: character

Tag: tolerance_advantage_mod
Use areas: character

Tag: ashkenazi_opinion
Use areas: character

Tag: hills_construction_piety_cost
Use areas: character, province, and county

Tag: ai_greed
Use areas: character

Tag: camel_cavalry_pursuit_mult
Use areas: character

Tag: drylands_holding_construction_prestige_cost
Use areas: character, province, and county

Tag: lithuanian_opinion
Use areas: character

Tag: mordvin_opinion
Use areas: character

Tag: stewardship_per_prestige_level
Use areas: character

Tag: jungle_holding_construction_gold_cost
Use areas: character, province, and county

Tag: beja_opinion
Use areas: character

Tag: floodplains_holding_construction_prestige_cost
Use areas: character, province, and county

Tag: pulaar_opinion
Use areas: character

Tag: max_fabricate_hook_schemes_add
Use areas: character

Tag: pikemen_max_size_add
Use areas: character

Tag: saxon_opinion
Use areas: character

Tag: fabricate_hook_scheme_power_mult
Use areas: character

Tag: igbo_opinion
Use areas: character

Tag: desert_development_growth_factor
Use areas: character, province, and county

Tag: hostile_scheme_resistance_mult
Use areas: character

Tag: serbian_opinion
Use areas: character

Tag: oirat_opinion
Use areas: character

Tag: wetlands_levy_size
Use areas: character, province, and county

Tag: monthly_tyranny
Use areas: character

Tag: vepsian_opinion
Use areas: character

Tag: bozo_opinion
Use areas: character

Tag: oasis_development_growth
Use areas: character, province, and county

Tag: men_at_arms_maintenance_per_dread_mult
Use areas: character

Tag: cowed_vassal_tax_contribution_mult
Use areas: character

Tag: taiga_holding_construction_piety_cost
Use areas: character, province, and county

Tag: plains_development_growth
Use areas: character, province, and county

Tag: taiga_holding_construction_prestige_cost
Use areas: character, province, and county

Tag: mari_opinion
Use areas: character

Tag: cultural_head_fascination_add
Use areas: character

Tag: theocracy_government_levy_contribution_add
Use areas: character

Tag: elephant_cavalry_max_size_mult
Use areas: character

Tag: elope_scheme_resistance_mult
Use areas: character

Tag: camel_cavalry_maintenance_mult
Use areas: character

Tag: light_cavalry_toughness_mult
Use areas: character

Tag: archers_pursuit_add
Use areas: character

Tag: max_loot_mult
Use areas: character

Tag: wetlands_max_combat_roll
Use areas: character

Tag: russian_opinion
Use areas: character

Tag: carantanian_opinion
Use areas: character

Tag: min_combat_roll
Use areas: character

Tag: holy_order_government_levy_contribution_mult
Use areas: character

Tag: oasis_levy_size
Use areas: character, province, and county

Tag: heavy_cavalry_recruitment_cost_mult
Use areas: character

Tag: sorko_opinion
Use areas: character

Tag: mountains_holding_construction_prestige_cost
Use areas: character, province, and county

Tag: desert_mountains_development_growth_factor
Use areas: character, province, and county

Tag: french_opinion
Use areas: character

Tag: farmlands_supply_limit_mult
Use areas: character, province, and county

Tag: roman_opinion
Use areas: character

Tag: pikemen_toughness_add
Use areas: character

Tag: theocracy_government_tax_contribution_add
Use areas: character

Tag: castilian_opinion
Use areas: character

Tag: drylands_development_growth_factor
Use areas: character, province, and county

Tag: drylands_supply_limit_mult
Use areas: character, province, and county

Tag: mercenary_government_levy_contribution_add
Use areas: character

Tag: mel_opinion
Use areas: character

Tag: mossi_opinion
Use areas: character

Tag: pursue_efficiency
Use areas: character and terrain

Tag: supply_capacity_mult
Use areas: character

Tag: archers_screen_add
Use areas: character

Tag: heavy_cavalry_screen_mult
Use areas: character

Tag: plains_advantage
Use areas: character

Tag: archers_toughness_add
Use areas: character

Tag: army_maintenance_mult
Use areas: character

Tag: han_opinion
Use areas: character

Tag: intimidated_vassal_tax_contribution_mult
Use areas: character

Tag: oasis_min_combat_roll
Use areas: character

Tag: bulgarian_opinion
Use areas: character

Tag: mongol_opinion
Use areas: character

Tag: prisoner_opinion
Use areas: character

Tag: holy_order_hire_cost_add
Use areas: character

Tag: tajik_opinion
Use areas: character

Tag: monthly_intrigue_lifestyle_xp_gain_mult
Use areas: character

Tag: taiga_min_combat_roll
Use areas: character

Tag: camel_cavalry_damage_mult
Use areas: character

Tag: taiga_max_combat_roll
Use areas: character

Tag: taiga_tax_mult
Use areas: character, province, and county

Tag: monthly_dynasty_prestige_mult
Use areas: character

Tag: stress_loss_mult
Use areas: character

Tag: german_opinion
Use areas: character

Tag: monthly_dynasty_prestige
Use areas: character

Tag: mountains_construction_gold_cost
Use areas: character, province, and county

Tag: jungle_construction_gold_cost
Use areas: character, province, and county

Tag: monthly_county_control_change_add_even_if_baron
Use areas: character

Tag: steppe_attrition_mult
Use areas: character

Tag: same_culture_mercenary_hire_cost_add
Use areas: character

Tag: enemy_hostile_scheme_success_chance_add
Use areas: character

Tag: skirmishers_toughness_mult
Use areas: character

Tag: martial_per_prestige_level
Use areas: character

Tag: learning_per_prestige_level
Use areas: character

Tag: turkish_opinion
Use areas: character

Tag: farmlands_construction_gold_cost
Use areas: character, province, and county

Tag: opinion_of_female_rulers
Use areas: character

Tag: domain_tax_mult
Use areas: character

Tag: desert_mountains_max_combat_roll
Use areas: character

Tag: mountains_development_growth_factor
Use areas: character, province, and county

Tag: castle_holding_build_speed
Use areas: character, province, and county

Tag: cultural_head_acceptance_gain_mult
Use areas: character

Tag: martial
Use areas: character

Tag: ai_vengefulness
Use areas: character

Tag: elope_scheme_power_add
Use areas: character

Tag: oasis_construction_prestige_cost
Use areas: character, province, and county

Tag: theocracy_government_opinion_same_faith
Use areas: character

Tag: county_opinion_add
Use areas: character and county

Tag: tribal_government_tax_contribution_mult
Use areas: character

Tag: irish_opinion
Use areas: character

Tag: culture_tradition_max_add
Use areas: culture

Tag: abduct_scheme_resistance_mult
Use areas: character

Tag: drylands_supply_limit
Use areas: character, province, and county

Tag: ilmenian_opinion
Use areas: character

Tag: negate_martial_penalty_add
Use areas: character

Tag: independent_ruler_opinion
Use areas: character

Tag: volhynian_opinion
Use areas: character

Tag: songhai_opinion
Use areas: character

Tag: pommeranian_opinion
Use areas: character

Tag: uyghur_opinion
Use areas: character

Tag: heavy_infantry_pursuit_add
Use areas: character

Tag: church_holding_holding_build_gold_cost
Use areas: character, province, and county

Tag: heavy_cavalry_damage_add
Use areas: character

Tag: tuyuhun_opinion
Use areas: character

Tag: learning_scheme_power
Use areas: character

Tag: dynasty_opinion
Use areas: character

Tag: opinion_of_parents
Use areas: character

Tag: camel_cavalry_siege_value_add
Use areas: character

Tag: italian_opinion
Use areas: character

Tag: farmlands_construction_piety_cost
Use areas: character, province, and county

Tag: desert_advantage
Use areas: character

Tag: castle_holding_holding_build_prestige_cost
Use areas: character, province, and county

Tag: skirmishers_maintenance_mult
Use areas: character

Tag: elephant_cavalry_damage_mult
Use areas: character

Tag: taiga_holding_construction_gold_cost
Use areas: character, province, and county

Tag: direct_vassal_opinion
Use areas: character

Tag: cowed_vassal_levy_contribution_add
Use areas: character

Tag: fabricate_hook_scheme_power_add
Use areas: character

Tag: oasis_cancel_negative_supply
Use areas: character

Tag: floodplains_development_growth
Use areas: character, province, and county

Tag: gond_opinion
Use areas: character

Tag: monthly_county_control_change_factor_even_if_baron
Use areas: character

Tag: desert_max_combat_roll
Use areas: character

Tag: attacker_advantage
Use areas: character

Tag: heavy_cavalry_max_size_mult
Use areas: character

Tag: learn_language_scheme_resistance_mult
Use areas: character

Tag: feudal_government_opinion
Use areas: character

Tag: plains_supply_limit_mult
Use areas: character, province, and county

Tag: no_prowess_loss_from_age
Use areas: character

Tag: czech_opinion
Use areas: character

Tag: holding_build_prestige_cost
Use areas: character, province, and county

Tag: holy_order_government_levy_contribution_add
Use areas: character

Tag: archer_cavalry_screen_add
Use areas: character

Tag: supply_duration
Use areas: character

Tag: floodplains_max_combat_roll
Use areas: character

Tag: basque_opinion
Use areas: character

Tag: opinion_of_male_rulers
Use areas: character

Tag: jungle_cancel_negative_supply
Use areas: character

Tag: heavy_infantry_damage_mult
Use areas: character

Tag: hindustani_opinion
Use areas: character

Tag: forest_holding_construction_piety_cost
Use areas: character, province, and county

Tag: pikemen_pursuit_mult
Use areas: character

Tag: camel_cavalry_screen_add
Use areas: character

Tag: siege_weapon_pursuit_mult
Use areas: character

Tag: plains_construction_prestige_cost
Use areas: character, province, and county

Tag: winter_advantage
Use areas: character

Tag: heavy_cavalry_pursuit_add
Use areas: character

Tag: clan_government_tax_contribution_mult
Use areas: character

Tag: steppe_cancel_negative_supply
Use areas: character

Tag: controlled_province_advantage
Use areas: character

Tag: tribal_government_opinion
Use areas: character

Tag: baranis_opinion
Use areas: character

Tag: punjabi_opinion
Use areas: character

Tag: steal_back_artifact_scheme_power_mult
Use areas: character

Tag: karluk_opinion
Use areas: character

Tag: gur_opinion
Use areas: character

Tag: monthly_prestige_gain_per_knight_add
Use areas: character

Tag: coastal_advantage
Use areas: character

Tag: castle_holding_build_gold_cost
Use areas: character, province, and county

Tag: realm_priest_opinion
Use areas: character

Tag: embarkation_cost_mult
Use areas: character

Tag: led_by_owner_extra_advantage_add
Use areas: character

Tag: elephant_cavalry_screen_mult
Use areas: character

Tag: levy_reinforcement_rate_different_faith_even_if_baron
Use areas: character

Tag: levy_reinforcement_rate_even_if_baron
Use areas: character

Tag: different_faith_county_opinion_mult_even_if_baron
Use areas: character

Tag: ewe_opinion
Use areas: character

Tag: monthly_diplomacy_lifestyle_xp_gain_mult
Use areas: character

Tag: drylands_min_combat_roll
Use areas: character

Tag: oasis_construction_piety_cost
Use areas: character, province, and county

Tag: max_combat_roll
Use areas: character

Tag: floodplains_holding_construction_gold_cost
Use areas: character, province, and county

Tag: city_holding_holding_build_gold_cost
Use areas: character, province, and county

Tag: tribal_government_levy_contribution_mult
Use areas: character

Tag: malvi_opinion
Use areas: character

Tag: monthly_prestige_gain_per_dread_mult
Use areas: character

Tag: advantage
Use areas: character

Tag: hostile_scheme_resistance_add
Use areas: character

Tag: max_claim_throne_schemes_add
Use areas: character

Tag: khanty_opinion
Use areas: character

Tag: kannada_opinion
Use areas: character

Tag: steal_back_artifact_scheme_resistance_add
Use areas: character

Tag: republic_government_opinion
Use areas: character

Tag: build_speed
Use areas: character, province, and county

Tag: tax_mult
Use areas: character, province, and county

Tag: mercenary_hire_cost_add
Use areas: character

Tag: intrigue_per_prestige_level
Use areas: character

Tag: archer_cavalry_damage_mult
Use areas: character

Tag: feudal_government_vassal_opinion
Use areas: character

Tag: hills_cancel_negative_supply
Use areas: character

Tag: suebi_opinion
Use areas: character

Tag: taiga_construction_piety_cost
Use areas: character, province, and county

Tag: republic_government_tax_contribution_mult
Use areas: character

Tag: city_holding_holding_build_prestige_cost
Use areas: character, province, and county

Tag: desert_mountains_supply_limit_mult
Use areas: character, province, and county

Tag: ethiopian_opinion
Use areas: character

Tag: greek_opinion
Use areas: character

Tag: franconian_opinion
Use areas: character

Tag: desert_mountains_construction_piety_cost
Use areas: character, province, and county

Tag: archer_cavalry_pursuit_mult
Use areas: character

Tag: levy_size
Use areas: character, province, and county

Tag: world_innovation_camels_development_growth
Use areas: character, province, and county

Tag: monthly_piety_gain_per_knight_mult
Use areas: character

Tag: archer_cavalry_siege_value_add
Use areas: character

Tag: diplomacy_per_prestige_level
Use areas: character

Tag: tribal_holding_build_piety_cost
Use areas: character, province, and county

Tag: personal_scheme_resistance_mult
Use areas: character

Tag: hills_min_combat_roll
Use areas: character

Tag: negative_random_genetic_chance
Use areas: character

Tag: floodplains_advantage
Use areas: character

Tag: karelian_opinion
Use areas: character

Tag: pikemen_siege_value_mult
Use areas: character

Tag: wetlands_construction_piety_cost
Use areas: character, province, and county

Tag: archers_pursuit_mult
Use areas: character

Tag: bengali_opinion
Use areas: character

Tag: camel_cavalry_max_size_add
Use areas: character

Tag: farmlands_advantage
Use areas: character

Tag: kochinim_opinion
Use areas: character

Tag: yemeni_opinion
Use areas: character

Tag: mercenary_government_vassal_opinion
Use areas: character

Tag: intimidated_vassal_levy_contribution_add
Use areas: character

Tag: sway_scheme_resistance_mult
Use areas: character

Tag: pikemen_damage_add
Use areas: character

Tag: build_piety_cost
Use areas: character, province, and county

Tag: retreat_losses
Use areas: character and terrain

Tag: steal_back_artifact_scheme_resistance_mult
Use areas: character

Tag: floodplains_cancel_negative_supply
Use areas: character

Tag: kimek_opinion
Use areas: character

Tag: ignore_opinion_of_different_faith
Use areas: character

Tag: drylands_tax_mult
Use areas: character, province, and county

Tag: build_gold_cost
Use areas: character, province, and county

Tag: desert_tax_mult
Use areas: character, province, and county

Tag: merya_opinion
Use areas: character

Tag: opinion_of_vassal
Use areas: character

Tag: army_toughness_mult
Use areas: character

Tag: desert_supply_limit_mult
Use areas: character, province, and county

Tag: skirmishers_siege_value_add
Use areas: character

Tag: light_cavalry_toughness_add
Use areas: character

Tag: kru_opinion
Use areas: character

Tag: light_cavalry_max_size_mult
Use areas: character

Tag: desert_mountains_levy_size
Use areas: character, province, and county

Tag: assyrian_opinion
Use areas: character

Tag: claim_throne_scheme_power_add
Use areas: character

Tag: forest_supply_limit
Use areas: character, province, and county

Tag: ai_honor
Use areas: character

Tag: archer_cavalry_siege_value_mult
Use areas: character

Tag: domain_tax_mult_even_if_baron
Use areas: character

Tag: archer_cavalry_toughness_add
Use areas: character

Tag: oasis_holding_construction_gold_cost
Use areas: character, province, and county

Tag: mercenary_government_opinion_same_faith
Use areas: character

Tag: plains_max_combat_roll
Use areas: character

Tag: stress_gain_mult
Use areas: character

Tag: floodplains_supply_limit
Use areas: character, province, and county

Tag: floodplains_tax_mult
Use areas: character, province, and county

Tag: tribal_holding_holding_build_piety_cost
Use areas: character, province, and county

Tag: saka_opinion
Use areas: character

Tag: pikemen_recruitment_cost_mult
Use areas: character

Tag: holy_order_government_opinion
Use areas: character

Tag: archers_siege_value_mult
Use areas: character

Tag: danish_opinion
Use areas: character

Tag: republic_government_levy_contribution_mult
Use areas: character

Tag: archer_cavalry_recruitment_cost_mult
Use areas: character

Tag: intrigue_scheme_resistance
Use areas: character

Tag: build_prestige_cost
Use areas: character, province, and county

Tag: pikemen_max_size_mult
Use areas: character

Tag: siege_weapon_screen_mult
Use areas: character

Tag: forest_construction_gold_cost
Use areas: character, province, and county

Tag: plains_attrition_mult
Use areas: character

Tag: oasis_tax_mult
Use areas: character, province, and county

Tag: ai_sociability
Use areas: character

Tag: archer_cavalry_max_size_mult
Use areas: character

Tag: monthly_piety_gain_per_knight_add
Use areas: character

Tag: church_holding_build_gold_cost
Use areas: character, province, and county

Tag: negate_prowess_penalty_add
Use areas: character

Tag: desert_development_growth
Use areas: character, province, and county

Tag: convert_to_witchcraft_scheme_resistance_mult
Use areas: character

Tag: learning_per_stress_level
Use areas: character

Tag: sinhala_opinion
Use areas: character

Tag: light_cavalry_damage_add
Use areas: character

Tag: diplomacy_per_piety_level
Use areas: character

Tag: mountains_construction_piety_cost
Use areas: character, province, and county

Tag: knight_limit
Use areas: character

Tag: mercenary_government_opinion
Use areas: character

Tag: monthly_piety_gain_per_dread_mult
Use areas: character

Tag: komi_opinion
Use areas: character

Tag: dread_baseline_add
Use areas: character

Tag: catalan_opinion
Use areas: character

Tag: dread_per_tyranny_add
Use areas: character

Tag: domain_tax_different_faith_mult_even_if_baron
Use areas: character

Tag: zaghawa_opinion
Use areas: character

Tag: ai_energy
Use areas: character

Tag: supply_limit
Use areas: character, province, and county

Tag: archer_cavalry_max_size_add
Use areas: character

Tag: feudal_government_levy_contribution_mult
Use areas: character

Tag: long_reign_bonus_mult
Use areas: character

Tag: castle_holding_holding_build_speed
Use areas: character, province, and county

Tag: hungarian_opinion
Use areas: character

Tag: light_cavalry_pursuit_mult
Use areas: character

Tag: elephant_cavalry_pursuit_add
Use areas: character

Tag: guest_opinion
Use areas: character

Tag: jungle_attrition_mult
Use areas: character

Tag: jungle_holding_construction_prestige_cost
Use areas: character, province, and county

Tag: norwegian_opinion
Use areas: character

Tag: forest_holding_construction_gold_cost
Use areas: character, province, and county

Tag: heavy_infantry_toughness_add
Use areas: character

Tag: heavy_cavalry_max_size_add
Use areas: character

Tag: siege_weapon_siege_value_add
Use areas: character

Tag: befriend_scheme_resistance_add
Use areas: character

Tag: scheme_discovery_chance_mult
Use areas: character

Tag: rajput_opinion
Use areas: character

Tag: siege_weapon_damage_add
Use areas: character

Tag: levy_reinforcement_rate_same_faith
Use areas: character

Tag: desert_mountains_holding_construction_gold_cost
Use areas: character, province, and county

Tag: claim_throne_scheme_power_mult
Use areas: character

Tag: estonian_opinion
Use areas: character

Tag: intrigue
Use areas: character

Tag: radhanite_opinion
Use areas: character

Tag: faith_creation_piety_cost_add
Use areas: character

Tag: negate_intrigue_penalty_add
Use areas: character

Tag: camel_cavalry_recruitment_cost_mult
Use areas: character

Tag: archer_cavalry_pursuit_add
Use areas: character

Tag: monthly_piety_gain_per_dread_add
Use areas: character

Tag: revolting_siege_morale_loss_mult
Use areas: character

Tag: heavy_infantry_siege_value_mult
Use areas: character

Tag: cowed_vassal_levy_contribution_mult
Use areas: character

Tag: courting_scheme_resistance_add
Use areas: character

Tag: oasis_attrition_mult
Use areas: character

Tag: khitan_opinion
Use areas: character

Tag: men_at_arms_recruitment_cost
Use areas: character

Tag: intimidated_vassal_levy_contribution_mult
Use areas: character

Tag: desert_mountains_construction_gold_cost
Use areas: character, province, and county

Tag: skirmishers_max_size_add
Use areas: character

Tag: tribal_government_opinion_same_faith
Use areas: character

Tag: jungle_advantage
Use areas: character

Tag: jungle_construction_piety_cost
Use areas: character, province, and county

Tag: vassal_tax_contribution_mult
Use areas: character

Tag: farmlands_development_growth_factor
Use areas: character, province, and county

Tag: domain_tax_same_faith_mult
Use areas: character

Tag: drylands_construction_piety_cost
Use areas: character, province, and county

Tag: title_creation_cost_mult
Use areas: character

Tag: steppe_supply_limit
Use areas: character, province, and county

Tag: jungle_supply_limit_mult
Use areas: character, province, and county

Tag: personal_scheme_power_add
Use areas: character

Tag: siege_weapon_toughness_mult
Use areas: character

Tag: prowess_scheme_resistance
Use areas: character

Tag: floodplains_construction_prestige_cost
Use areas: character, province, and county

Tag: wetlands_development_growth
Use areas: character, province, and county

Tag: wetlands_holding_construction_gold_cost
Use areas: character, province, and county

Tag: khwarezmian_opinion
Use areas: character

Tag: desert_mountains_holding_construction_prestige_cost
Use areas: character, province, and county

Tag: diplomacy_scheme_resistance
Use areas: character

Tag: finnish_opinion
Use areas: character

Tag: different_faith_opinion
Use areas: character

Tag: prussian_opinion
Use areas: character

Tag: courting_scheme_power_add
Use areas: character

Tag: holding_build_gold_cost
Use areas: character, province, and county

Tag: kirati_opinion
Use areas: character

Tag: nepali_opinion
Use areas: character

Tag: city_holding_build_speed
Use areas: character, province, and county

Tag: elephant_cavalry_siege_value_add
Use areas: character

Tag: desert_holding_construction_piety_cost
Use areas: character, province, and county

Tag: steppe_development_growth
Use areas: character, province, and county

Tag: taiga_levy_size
Use areas: character, province, and county

Tag: holding_build_piety_cost
Use areas: character, province, and county

Tag: desert_mountains_supply_limit
Use areas: character, province, and county

Tag: siege_weapon_max_size_add
Use areas: character

Tag: learning_per_piety_level
Use areas: character

Tag: cornish_opinion
Use areas: character

Tag: elope_scheme_power_mult
Use areas: character

Tag: levy_reinforcement_rate_different_faith
Use areas: character

Tag: muroma_opinion
Use areas: character

Tag: child_opinion
Use areas: character

Tag: skirmishers_toughness_add
Use areas: character

Tag: max_steal_back_artifact_schemes_add
Use areas: character

Tag: tribal_holding_holding_build_gold_cost
Use areas: character, province, and county

Tag: monthly_income
Use areas: character and province

Tag: drylands_construction_gold_cost
Use areas: character, province, and county

Tag: sardinian_opinion
Use areas: character

Tag: steal_back_artifact_scheme_power_add
Use areas: character

Tag: negate_health_penalty_add
Use areas: character

Tag: ignore_negative_culture_opinion
Use areas: character

Tag: pikemen_screen_mult
Use areas: character

Tag: nubian_opinion
Use areas: character

Tag: skirmishers_pursuit_add
Use areas: character

Tag: sway_scheme_power_add
Use areas: character

Tag: mountains_tax_mult
Use areas: character, province, and county

Tag: feudal_government_tax_contribution_add
Use areas: character

Tag: heavy_infantry_pursuit_mult
Use areas: character

Tag: levy_reinforcement_rate_friendly_territory
Use areas: character, province, and county

Tag: serer_opinion
Use areas: character

Tag: chuvash_opinion
Use areas: character

Tag: dynasty_house_opinion
Use areas: character

Tag: pikemen_damage_mult
Use areas: character

Tag: siege_phase_time
Use areas: character

Tag: drylands_holding_construction_gold_cost
Use areas: character, province, and county

Tag: befriend_scheme_power_add
Use areas: character

Tag: forest_supply_limit_mult
Use areas: character, province, and county

Tag: monthly_piety_gain_mult
Use areas: character

Tag: monthly_county_control_change_add
Use areas: character, province, and county

Tag: light_cavalry_siege_value_add
Use areas: character

Tag: drylands_development_growth
Use areas: character, province, and county

Tag: same_culture_holy_order_hire_cost_mult
Use areas: character

Tag: hills_advantage
Use areas: character

Tag: clan_government_tax_contribution_add
Use areas: character

Tag: raid_speed
Use areas: character

Tag: breton_opinion
Use areas: character

Tag: city_holding_holding_build_piety_cost
Use areas: character, province, and county

Tag: advantage_against_coreligionists
Use areas: character

Tag: skirmishers_screen_mult
Use areas: character

Tag: camel_cavalry_toughness_mult
Use areas: character

Tag: holy_order_government_vassal_opinion
Use areas: character

Tag: ignore_negative_opinion_of_culture
Use areas: character

Tag: light_cavalry_max_size_add
Use areas: character

Tag: steppe_construction_piety_cost
Use areas: character, province, and county

Tag: supply_capacity_add
Use areas: character

Tag: forest_development_growth_factor
Use areas: character, province, and county

Tag: max_elope_schemes_add
Use areas: character

Tag: development_growth_factor
Use areas: character, province, and county

Tag: mountains_levy_size
Use areas: character, province, and county

Tag: monthly_prestige_from_buildings_mult
Use areas: character

Tag: gaelic_opinion
Use areas: character

Tag: sindhi_opinion
Use areas: character

Tag: steppe_holding_construction_piety_cost
Use areas: character, province, and county

Tag: heavy_infantry_siege_value_add
Use areas: character

Tag: castle_holding_holding_build_piety_cost
Use areas: character, province, and county

Tag: welsh_opinion
Use areas: character

Tag: ai_rationality
Use areas: character

Tag: dutch_opinion
Use areas: character

Tag: langobard_opinion
Use areas: character

Tag: daju_opinion
Use areas: character

Tag: ai_compassion
Use areas: character

Tag: martial_scheme_power
Use areas: character

Tag: dread_per_tyranny_mult
Use areas: character

Tag: floodplains_construction_gold_cost
Use areas: character, province, and county

Tag: learn_language_scheme_power_add
Use areas: character

Tag: feudal_government_levy_contribution_add
Use areas: character

Tag: befriend_scheme_power_mult
Use areas: character

Tag: monthly_piety
Use areas: character

Tag: negate_learning_penalty_add
Use areas: character

Tag: daylamite_opinion
Use areas: character

Tag: holy_order_hire_cost_mult
Use areas: character

Tag: afghan_opinion
Use areas: character

Tag: ai_amenity_spending
Use areas: character

Tag: courting_scheme_resistance_mult
Use areas: character

Tag: monthly_income_per_stress_level_mult
Use areas: character

Tag: vassal_tax_contribution_add
Use areas: character

Tag: opinion_of_same_culture
Use areas: character

Tag: steppe_development_growth_factor
Use areas: character, province, and county

Tag: forest_max_combat_roll
Use areas: character

Tag: defender_winter_advantage
Use areas: province

Tag: years_of_fertility
Use areas: character

Tag: claim_throne_scheme_resistance_add
Use areas: character

Tag: camel_cavalry_pursuit_add
Use areas: character

Tag: forest_levy_size
Use areas: character, province, and county

Tag: taiga_development_growth_factor
Use areas: character, province, and county

Tag: skirmishers_siege_value_mult
Use areas: character

Tag: croatian_opinion
Use areas: character

Tag: owned_hostile_scheme_success_chance_add
Use areas: character

Tag: eligible_child_except_player_heir_opinion
Use areas: character

Tag: portuguese_opinion
Use areas: character

Tag: farmlands_tax_mult
Use areas: character, province, and county

Tag: republic_government_levy_contribution_add
Use areas: character

Tag: monthly_dread
Use areas: character

Tag: wetlands_attrition_mult
Use areas: character

Tag: mountains_min_combat_roll
Use areas: character

Tag: desert_supply_limit
Use areas: character, province, and county

Tag: forest_tax_mult
Use areas: character, province, and county

Tag: twin_opinion
Use areas: character

Tag: scheme_resistance
Use areas: scheme

Tag: pictish_opinion
Use areas: character

Tag: heavy_cavalry_pursuit_mult
Use areas: character

Tag: supply_loss_winter
Use areas: province

Tag: taiga_advantage
Use areas: character

Tag: plains_cancel_negative_supply
Use areas: character

Tag: courting_scheme_power_mult
Use areas: character

Tag: clergy_opinion
Use areas: character

Tag: taiga_cancel_negative_supply
Use areas: character

Tag: same_culture_mercenary_hire_cost_mult
Use areas: character

Tag: prowess_no_portrait
Extra info: Doesn't affect portraits. Note that you can get some odd results when using negative values for people with negate_prowess_penalty_add
Use areas: character

Tag: light_cavalry_recruitment_cost_mult
Use areas: character

Tag: desert_mountains_cancel_negative_supply
Use areas: character

Tag: archer_cavalry_screen_mult
Use areas: character

Tag: republic_government_opinion_same_faith
Use areas: character

Tag: skirmishers_recruitment_cost_mult
Use areas: character

Tag: convert_to_witchcraft_scheme_resistance_add
Use areas: character

Tag: siege_weapon_screen_add
Use areas: character

Tag: taiga_supply_limit
Use areas: character, province, and county

Tag: oasis_advantage
Use areas: character

Tag: diplomacy_per_stress_level
Use areas: character

Tag: monthly_piety_from_buildings_mult
Use areas: character

Tag: desert_holding_construction_gold_cost
Use areas: character, province, and county

Tag: forest_advantage
Use areas: character

Tag: afar_opinion
Use areas: character

Tag: hard_casualty_winter
Use areas: province

Tag: burmese_opinion
Use areas: character

Tag: levy_reinforcement_rate
Use areas: character, province, and county

Tag: learning_scheme_resistance
Use areas: character

Tag: general_opinion
Use areas: character

Tag: no_disembark_penalty
Use areas: character

Tag: camel_cavalry_toughness_add
Use areas: character

Tag: gaw_opinion
Use areas: character

Tag: taiga_supply_limit_mult
Use areas: character, province, and county

Tag: opinion_of_liege
Use areas: character

Tag: malinke_opinion
Use areas: character

Tag: farmlands_holding_construction_piety_cost
Use areas: character, province, and county

Tag: hills_max_combat_roll
Use areas: character

Tag: archers_siege_value_add
Use areas: character

Tag: hausa_opinion
Use areas: character

Tag: bashkir_opinion
Use areas: character

Tag: convert_to_witchcraft_scheme_power_mult
Use areas: character

Tag: max_hostile_schemes_add
Use areas: character

Tag: assamese_opinion
Use areas: character

Tag: independent_primary_defender_advantage_add
Use areas: character

Tag: mountains_construction_prestige_cost
Use areas: character, province, and county

Tag: world_innovation_elephants_development_growth_factor
Use areas: character, province, and county

Tag: development_growth
Use areas: character, province, and county

Tag: alan_opinion
Use areas: character

Tag: edo_opinion
Use areas: character

Tag: elephant_cavalry_maintenance_mult
Use areas: character

Tag: world_steppe_development_growth_factor
Use areas: character, province, and county

Tag: movement_speed
Use areas: character

Tag: clan_government_vassal_opinion
Use areas: character

Tag: court_grandeur_baseline_add
Use areas: character

Tag: drylands_advantage
Use areas: character

Tag: heavy_infantry_toughness_mult
Use areas: character

Tag: attraction_opinion
Use areas: character

Tag: floodplains_supply_limit_mult
Use areas: character, province, and county

Tag: bodpa_opinion
Use areas: character

Tag: floodplains_min_combat_roll
Use areas: character

Tag: defender_advantage
Use areas: character

Tag: heavy_cavalry_siege_value_add
Use areas: character

Tag: abduct_scheme_power_mult
Use areas: character

Tag: mountains_holding_construction_gold_cost
Use areas: character, province, and county

Tag: steppe_advantage
Use areas: character

Tag: supply_limit_mult
Use areas: character, province, and county

Tag: tribal_holding_holding_build_prestige_cost
Use areas: character, province, and county

Tag: taiga_attrition_mult
Use areas: character

Tag: theocracy_government_vassal_opinion
Use areas: character

Tag: desert_mountains_attrition_mult
Use areas: character

Tag: murder_scheme_power_mult
Use areas: character

Tag: tyranny_loss_mult
Use areas: character

Tag: gujarati_opinion
Use areas: character

Tag: steppe_supply_limit_mult
Use areas: character, province, and county

Tag: heavy_cavalry_maintenance_mult
Use areas: character

Tag: heavy_infantry_max_size_mult
Use areas: character

Tag: church_holding_holding_build_piety_cost
Use areas: character, province, and county

Tag: stewardship_scheme_resistance
Use areas: character

Tag: county_opinion_add_even_if_baron
Use areas: character

Tag: oasis_holding_construction_prestige_cost
Use areas: character, province, and county

Tag: ignore_different_faith_opinion
Use areas: character

Tag: desert_mountains_construction_prestige_cost
Use areas: character, province, and county

Tag: wetlands_holding_construction_piety_cost
Use areas: character, province, and county

Tag: hills_attrition_mult
Use areas: character

Tag: farmlands_levy_size
Use areas: character, province, and county

Tag: learn_language_scheme_resistance_add
Use areas: character

Tag: hills_supply_limit
Use areas: character, province, and county

Tag: skirmishers_damage_mult
Use areas: character

Tag: drylands_attrition_mult
Use areas: character

Tag: tribal_holding_build_speed
Use areas: character, province, and county

Tag: tamil_opinion
Use areas: character

Tag: armenian_opinion
Use areas: character

Tag: hills_holding_construction_piety_cost
Use areas: character, province, and county

Tag: yughur_opinion
Use areas: character

Tag: army_damage_mult
Use areas: character

Tag: theocracy_government_opinion
Use areas: character

Tag: piety_level_impact_mult
Use areas: character

Tag: drylands_levy_size
Use areas: character, province, and county

Tag: knight_effectiveness_mult
Use areas: character

Tag: powerful_vassal_opinion
Use areas: character

Tag: forest_development_growth
Use areas: character, province, and county

Tag: camel_cavalry_siege_value_mult
Use areas: character

Tag: wetlands_advantage
Use areas: character

Tag: theocracy_government_tax_contribution_mult
Use areas: character

Tag: republic_government_vassal_opinion
Use areas: character

Tag: stewardship
Use areas: character

Tag: oriya_opinion
Use areas: character

Tag: castle_holding_holding_build_gold_cost
Use areas: character, province, and county

Tag: happy_powerful_vassal_levy_contribution_mult
Use areas: character

Tag: sicilian_opinion
Use areas: character

Tag: floodplains_attrition_mult
Use areas: character

Tag: aragonese_opinion
Use areas: character

Tag: wetlands_holding_construction_prestige_cost
Use areas: character, province, and county

Tag: siege_weapon_recruitment_cost_mult
Use areas: character

Tag: telugu_opinion
Use areas: character

Tag: galician_opinion
Use areas: character

Tag: monthly_court_grandeur_change_add
Use areas: character

Tag: forest_min_combat_roll
Use areas: character

Tag: swabian_opinion
Use areas: character

Tag: prowess_scheme_power
Use areas: character

Tag: enemy_terrain_advantage
Use areas: character

Tag: guan_opinion
Use areas: character

Tag: heavy_infantry_damage_add
Use areas: character

Tag: monthly_prestige
Use areas: character

Tag: monthly_income_per_stress_level_add
Use areas: character

Tag: theocracy_government_levy_contribution_mult
Use areas: character

Tag: monthly_war_income_add
Use areas: character

Tag: wetlands_construction_gold_cost
Use areas: character, province, and county

Tag: wetlands_cancel_negative_supply
Use areas: character

Tag: marathi_opinion
Use areas: character

Tag: hostile_raid_time
Use areas: character, province, and county

Tag: sogdian_opinion
Use areas: character

Tag: martial_per_piety_level
Use areas: character

Tag: wetlands_tax_mult
Use areas: character, province, and county

Tag: monthly_martial_lifestyle_xp_gain_mult
Use areas: character

Tag: diplomatic_range_mult
Use areas: character

Tag: taiga_development_growth
Use areas: character, province, and county

Tag: camel_cavalry_screen_mult
Use areas: character

Tag: murder_scheme_power_add
Use areas: character

Tag: drylands_max_combat_roll
Use areas: character

Tag: stewardship_per_stress_level
Use areas: character

Tag: plains_construction_piety_cost
Use areas: character, province, and county

Tag: vassal_levy_contribution_add
Use areas: character

Tag: english_opinion
Use areas: character

Tag: desert_mountains_advantage
Use areas: character

Tag: monthly_prestige_gain_mult
Use areas: character

Tag: pikemen_screen_add
Use areas: character

Tag: archers_damage_add
Use areas: character

Tag: holy_order_government_tax_contribution_add
Use areas: character

Tag: opinion_of_different_faith_liege
Use areas: character

Tag: camel_cavalry_max_size_mult
Use areas: character

Tag: child_except_player_heir_opinion
Use areas: character

Tag: cumbrian_opinion
Use areas: character

Tag: elephant_cavalry_siege_value_mult
Use areas: character

Tag: enemy_personal_scheme_success_chance_add
Use areas: character

Tag: vassal_limit
Use areas: character

Tag: same_heritage_county_advantage_add
Use areas: character

Tag: intimidated_vassal_tax_contribution_add
Use areas: character

Tag: farmlands_supply_limit
Use areas: character, province, and county

Tag: occitan_opinion
Use areas: character

Tag: monthly_learning_lifestyle_xp_gain_mult
Use areas: character

Tag: religious_vassal_opinion
Use areas: character

Tag: clan_government_levy_contribution_mult
Use areas: character

Tag: light_cavalry_damage_mult
Use areas: character

Tag: maghrebi_opinion
Use areas: character

Tag: plains_construction_gold_cost
Use areas: character, province, and county

Tag: polabian_opinion
Use areas: character

Tag: archers_screen_mult
Use areas: character

Tag: light_cavalry_maintenance_mult
Use areas: character

Tag: lhomon_opinion
Use areas: character

Tag: intrigue_per_piety_level
Use areas: character

Tag: floodplains_holding_construction_piety_cost
Use areas: character, province, and county

Tag: kirghiz_opinion
Use areas: character

Tag: abduct_scheme_power_add
Use areas: character

Tag: enemy_hard_casualty_modifier
Use areas: character and terrain

Tag: monthly_income_mult
Use areas: character

Tag: desert_holding_construction_prestige_cost
Use areas: character, province, and county

Tag: oasis_supply_limit_mult
Use areas: character, province, and county

Tag: monthly_piety_gain_per_happy_powerful_vassal_mult
Use areas: character

Tag: khazar_opinion
Use areas: character

Tag: soninke_opinion
Use areas: character

Tag: happy_powerful_vassal_tax_contribution_mult
Use areas: character

Tag: jungle_supply_limit
Use areas: character, province, and county

Tag: seduce_scheme_resistance_mult
Use areas: character

Tag: mercenary_government_tax_contribution_mult
Use areas: character

Tag: vassal_opinion
Use areas: character

Tag: camel_cavalry_damage_add
Use areas: character

Tag: norse_opinion
Use areas: character

Tag: polish_opinion
Use areas: character

Tag: plains_holding_construction_gold_cost
Use areas: character, province, and county

Tag: taiga_construction_prestige_cost
Use areas: character, province, and county

Tag: negative_inactive_inheritance_chance
Use areas: character

Tag: monthly_prestige_gain_per_happy_powerful_vassal_add
Use areas: character

Tag: mogyer_opinion
Use areas: character

Tag: drylands_construction_prestige_cost
Use areas: character, province, and county

Tag: plains_development_growth_factor
Use areas: character, province, and county

Tag: siege_weapon_maintenance_mult
Use areas: character

Tag: diplomacy
Use areas: character

Tag: tribal_holding_build_gold_cost
Use areas: character, province, and county

Tag: learning
Use areas: character

Tag: uriankhai_opinion
Use areas: character

Tag: elephant_cavalry_pursuit_mult
Use areas: character

Tag: monthly_prestige_gain_per_happy_powerful_vassal_mult
Use areas: character

Tag: faith_creation_piety_cost_mult
Use areas: character

Tag: pikemen_siege_value_add
Use areas: character

Tag: shatuo_opinion
Use areas: character

Tag: world_steppe_development_growth
Use areas: character, province, and county

Tag: different_faith_county_opinion_mult
Use areas: character

Tag: army_siege_value_mult
Use areas: character

Tag: max_seduce_schemes_add
Use areas: character

Tag: opinion_of_different_faith
Use areas: character

Tag: desert_mountains_min_combat_roll
Use areas: character

Tag: siege_weapon_max_size_mult
Use areas: character

Tag: dread_decay_mult
Use areas: character

Tag: asturleonese_opinion
Use areas: character

Tag: levy_reinforcement_rate_same_faith_even_if_baron
Use areas: character

Tag: player_heir_opinion
Use areas: character

Tag: laktan_opinion
Use areas: character

Tag: same_culture_opinion
Use areas: character

Tag: garrison_size
Use areas: character, province, and county

Tag: sami_opinion
Use areas: character

Tag: church_holding_build_piety_cost
Use areas: character, province, and county

Tag: light_cavalry_screen_mult
Use areas: character

Tag: convert_to_witchcraft_scheme_power_add
Use areas: character

Tag: hills_levy_size
Use areas: character, province, and county

Tag: heavy_cavalry_toughness_add
Use areas: character

Tag: mountains_supply_limit_mult
Use areas: character, province, and county

Tag: dread_loss_mult
Use areas: character

Tag: max_learn_language_schemes_add
Use areas: character

Tag: elephant_cavalry_toughness_add
Use areas: character

Tag: personal_scheme_resistance_add
Use areas: character

Tag: desert_mountains_development_growth
Use areas: character, province, and county

Tag: mon_opinion
Use areas: character

Tag: farmlands_holding_construction_gold_cost
Use areas: character, province, and county

Tag: naiman_opinion
Use areas: character

Tag: monthly_lifestyle_xp_gain_mult
Use areas: character

Tag: steppe_levy_size
Use areas: character, province, and county

Tag: norman_opinion
Use areas: character

Tag: max_abduct_schemes_add
Use areas: character

Tag: health
Use areas: character

Tag: defender_holding_advantage
Use areas: character, province, and county

Tag: oasis_supply_limit
Use areas: character, province, and county

Tag: old_saxon_opinion
Use areas: character

Tag: hostile_scheme_power_add
Use areas: character

Tag: monthly_war_income_mult
Use areas: character

Tag: prestige_level_impact_mult
Use areas: character

Tag: seduce_scheme_power_mult
Use areas: character

Tag: skirmishers_screen_add
Use areas: character

Tag: skirmishers_damage_add
Use areas: character

Tag: city_holding_build_piety_cost
Use areas: character, province, and county

Tag: steppe_min_combat_roll
Use areas: character

Tag: archers_max_size_mult
Use areas: character

Tag: kerait_opinion
Use areas: character

Tag: prowess_per_piety_level
Use areas: character

Tag: cisalpine_opinion
Use areas: character

Tag: clan_government_opinion
Use areas: character

Tag: naval_movement_speed_mult
Use areas: character

Tag: negate_diplomacy_penalty_add
Use areas: character

Tag: tribal_holding_build_prestige_cost
Use areas: character, province, and county

Tag: sephardi_opinion
Use areas: character

Tag: farmlands_cancel_negative_supply
Use areas: character

Tag: hills_tax_mult
Use areas: character, province, and county

Tag: scheme_power
Use areas: scheme

Tag: jurchen_opinion
Use areas: character

Tag: fabricate_hook_scheme_resistance_mult
Use areas: character

Tag: castle_holding_build_prestige_cost
Use areas: character, province, and county

Tag: forest_holding_construction_prestige_cost
Use areas: character, province, and county

Tag: stewardship_per_piety_level
Use areas: character

Tag: additional_fort_level
Use areas: character, province, and county

Tag: monthly_prestige_gain_per_dread_add
Use areas: character

Tag: archer_cavalry_toughness_mult
Use areas: character

Tag: zhangzhung_opinion
Use areas: character

Tag: hard_casualty_modifier
Use areas: character and terrain

Tag: sao_opinion
Use areas: character

Tag: opinion_of_different_culture
Use areas: character

Tag: plains_tax_mult
Use areas: character, province, and county

Tag: cuman_opinion
Use areas: character

Tag: martial_per_stress_level
Use areas: character

Tag: different_faith_liege_opinion
Use areas: character

Tag: kanuri_opinion
Use areas: character

Tag: counter_efficiency
Use areas: character and terrain

Tag: bavarian_opinion
Use areas: character

Tag: scheme_success_chance
Use areas: scheme

Tag: republic_government_tax_contribution_add
Use areas: character

Tag: plains_holding_construction_piety_cost
Use areas: character, province, and county

Tag: ai_amenity_target_baseline
Use areas: character

Tag: archers_max_size_add
Use areas: character

Tag: mountains_development_growth
Use areas: character, province, and county

Tag: baloch_opinion
Use areas: character

Tag: heavy_infantry_recruitment_cost_mult
Use areas: character

Tag: forest_construction_piety_cost
Use areas: character, province, and county

Tag: character_capital_county_monthly_development_growth_add
Use areas: character

Tag: farmlands_max_combat_roll
Use areas: character

Tag: owned_scheme_secrecy_add
Use areas: character

Tag: wetlands_development_growth_factor
Use areas: character, province, and county

Tag: buryat_opinion
Use areas: character

Tag: ai_war_chance
Use areas: character

Tag: sway_scheme_resistance_add
Use areas: character

Tag: happy_powerful_vassal_levy_contribution_add
Use areas: character

Tag: abduct_scheme_resistance_add
Use areas: character

Tag: intrigue_per_stress_level
Use areas: character

Tag: jungle_min_combat_roll
Use areas: character

Tag: heavy_infantry_screen_mult
Use areas: character

Tag: meshchera_opinion
Use areas: character

Tag: hills_holding_construction_prestige_cost
Use areas: character, province, and county

Tag: max_befriend_schemes_add
Use areas: character

Tag: hills_holding_construction_gold_cost
Use areas: character, province, and county

Tag: tyranny_gain_mult
Use areas: character

Tag: slovien_opinion
Use areas: character

Tag: steppe_tax_mult
Use areas: character, province, and county

Tag: bedouin_opinion
Use areas: character

Tag: oasis_holding_construction_piety_cost
Use areas: character, province, and county

Tag: hills_development_growth_factor
Use areas: character, province, and county

Tag: fertility
Use areas: character

Tag: floodplains_levy_size
Use areas: character, province, and county

Tag: martial_scheme_resistance
Use areas: character

Tag: church_holding_build_speed
Use areas: character, province, and county

Tag: oasis_development_growth_factor
Use areas: character, province, and county

Tag: spouse_opinion
Use areas: character

Tag: egyptian_opinion
Use areas: character

Tag: murder_scheme_resistance_mult
Use areas: character

Tag: somali_opinion
Use areas: character

Tag: dread_decay_add
Use areas: character

Tag: courtier_opinion
Use areas: character

Tag: claim_throne_scheme_resistance_mult
Use areas: character

Tag: domain_tax_same_faith_mult_even_if_baron
Use areas: character

Tag: mercenary_government_tax_contribution_add
Use areas: character

Tag: hills_construction_gold_cost
Use areas: character, province, and county

Tag: farmlands_development_growth
Use areas: character, province, and county

Tag: floodplains_development_growth_factor
Use areas: character, province, and county

Tag: mountains_attrition_mult
Use areas: character

Tag: forest_cancel_negative_supply
Use areas: character

Tag: vlach_opinion
Use areas: character

Tag: city_holding_holding_build_speed
Use areas: character, province, and county

Tag: diplomacy_scheme_power
Use areas: character

Tag: artifact_decay_reduction_mult
Use areas: character, province, and county

Tag: elephant_cavalry_max_size_add
Use areas: character

Tag: mountains_max_combat_roll
Use areas: character

Tag: negate_fertility_penalty_add
Use areas: character

Tag: plains_min_combat_roll
Use areas: character

Tag: mountains_holding_construction_piety_cost
Use areas: character, province, and county

Tag: butr_opinion
Use areas: character

Tag: clan_government_opinion_same_faith
Use areas: character

Tag: opinion_of_same_faith
Use areas: character

Tag: monthly_court_grandeur_change_mult
Use areas: character

Tag: castle_holding_build_piety_cost
Use areas: character, province, and county

Tag: elephant_cavalry_recruitment_cost_mult
Use areas: character

Tag: max_murder_schemes_add
Use areas: character

Tag: oasis_construction_gold_cost
Use areas: character, province, and county

Tag: light_cavalry_screen_add
Use areas: character

Tag: faith_conversion_piety_cost_add
Use areas: character

Tag: light_cavalry_pursuit_add
Use areas: character

Tag: religious_head_opinion
Use areas: character

Tag: councillor_opinion
Use areas: character

Tag: monthly_stewardship_lifestyle_xp_gain_mult
Use areas: character

Tag: cultural_head_fascination_mult
Use areas: character

Tag: feudal_government_opinion_same_faith
Use areas: character

Tag: siege_weapon_pursuit_add
Use areas: character

Tag: scheme_secrecy
Use areas: scheme

Tag: kipchak_opinion
Use areas: character

Tag: light_cavalry_siege_value_mult
Use areas: character

Tag: life_expectancy
Use areas: character

Tag: church_holding_holding_build_prestige_cost
Use areas: character, province, and county

Tag: samoyed_opinion
Use areas: character

Tag: pikemen_toughness_mult
Use areas: character

Tag: random_advantage
Use areas: character

Tag: bolghar_opinion
Use areas: character

Tag: desert_attrition_mult
Use areas: character

Tag: revolting_siege_morale_loss_add
Use areas: character

Tag: desert_min_combat_roll
Use areas: character

Tag: heavy_cavalry_screen_add
Use areas: character

Tag: pikemen_maintenance_mult
Use areas: character

Tag: inbreeding_chance
Use areas: character

Tag: ai_war_cooldown
Use areas: character

Tag: close_relative_opinion
Use areas: character

Tag: tribal_holding_holding_build_speed
Use areas: character, province, and county

Tag: hostile_county_attrition
Use areas: character

Tag: forest_attrition_mult
Use areas: character

Tag: feudal_government_tax_contribution_mult
Use areas: character

Tag: world_innovation_elephants_development_growth
Use areas: character, province, and county

Tag: tribal_government_levy_contribution_add
Use areas: character

Tag: scottish_opinion
Use areas: character

Tag: pecheneg_opinion
Use areas: character

Tag: clan_government_levy_contribution_add
Use areas: character

Tag: archers_recruitment_cost_mult
Use areas: character

Tag: max_convert_to_witchcraft_schemes_add
Use areas: character

Tag: kashmiri_opinion
Use areas: character

Tag: positive_inactive_inheritance_chance
Use areas: character

Tag: wolof_opinion
Use areas: character

Tag: city_holding_build_gold_cost
Use areas: character, province, and county

Tag: happy_powerful_vassal_tax_contribution_add
Use areas: character

Tag: jungle_tax_mult
Use areas: character, province, and county

Tag: wetlands_supply_limit
Use areas: character, province, and county

Tag: stewardship_scheme_power
Use areas: character

Tag: random_skills_per_child
Use areas: character

Tag: desert_mountains_tax_mult
Use areas: character, province, and county

Tag: desert_mountains_holding_construction_piety_cost
Use areas: character, province, and county

Tag: sway_scheme_power_mult
Use areas: character

Tag: mountains_cancel_negative_supply
Use areas: character

Tag: hills_supply_limit_mult
Use areas: character, province, and county

Tag: plains_levy_size
Use areas: character, province, and county

Tag: eligible_child_opinion
Use areas: character

Tag: archers_toughness_mult
Use areas: character

Tag: archer_cavalry_damage_add
Use areas: character

Tag: heavy_cavalry_toughness_mult
Use areas: character

Tag: jungle_construction_prestige_cost
Use areas: character, province, and county

Tag: siege_morale_loss
Use areas: character

Tag: lombard_opinion
Use areas: character

Tag: holding_build_speed
Use areas: character, province, and county

Tag: elephant_cavalry_damage_add
Use areas: character

Tag: church_holding_holding_build_speed
Use areas: character, province, and county

Tag: city_holding_build_prestige_cost
Use areas: character, province, and county

Tag: same_culture_holy_order_hire_cost_add
Use areas: character

Tag: men_at_arms_cap
Use areas: character

Tag: steppe_construction_prestige_cost
Use areas: character, province, and county

Tag: desert_levy_size
Use areas: character, province, and county

Tag: heavy_cavalry_damage_mult
Use areas: character

Tag: cultural_acceptance_gain_mult
Use areas: culture

Tag: genetic_trait_strengthen_chance
Use areas: character

Tag: wetlands_supply_limit_mult
Use areas: character, province, and county

Tag: georgian_opinion
Use areas: character

Tag: heavy_infantry_maintenance_mult
Use areas: character

Tag: negate_stewardship_penalty_add
Use areas: character

Tag: plains_holding_construction_prestige_cost
Use areas: character, province, and county

Tag: short_reign_duration_mult
Use areas: character

Tag: hills_construction_prestige_cost
Use areas: character, province, and county

Tag: skirmishers_pursuit_mult
Use areas: character

Tag: elephant_cavalry_screen_add
Use areas: character

Tag: qiang_opinion
Use areas: character

Tag: forest_construction_prestige_cost
Use areas: character, province, and county

Tag: severian_opinion
Use areas: character

Tag: plains_supply_limit
Use areas: character, province, and county

Tag: prowess_per_prestige_level
Use areas: character

Tag: latgalian_opinion
Use areas: character

Tag: holy_order_government_tax_contribution_mult
Use areas: character

Tag: jungle_development_growth
Use areas: character, province, and county

Tag: jungle_levy_size
Use areas: character, province, and county

Tag: army_pursuit_mult
Use areas: character

Tag: heavy_cavalry_siege_value_mult
Use areas: character

Tag: vassal_tax_mult
Use areas: character

Tag: men_at_arms_limit
Use areas: character

Tag: world_innovation_camels_development_growth_factor
Use areas: character, province, and county

Tag: tribal_government_vassal_opinion
Use areas: character

Tag: monthly_county_control_change_factor
Use areas: character, province, and county

Tag: max_personal_schemes_add
Use areas: character

Tag: desert_construction_prestige_cost
Use areas: character, province, and county

Tag: same_faith_opinion
Use areas: character

Tag: visigothic_opinion
Use areas: character

Tag: jungle_max_combat_roll
Use areas: character

Tag: farmlands_min_combat_roll
Use areas: character

Tag: andalusian_opinion
Use areas: character

Tag: positive_random_genetic_chance
Use areas: character

Tag: elope_scheme_resistance_add
Use areas: character

Tag: drylands_holding_construction_piety_cost
Use areas: character, province, and county

Tag: yoruba_opinion
Use areas: character

Tag: fabricate_hook_scheme_resistance_add
Use areas: character

Tag: men_at_arms_maintenance
Use areas: character

Tag: steppe_holding_construction_prestige_cost
Use areas: character, province, and county

Tag: farmlands_holding_construction_prestige_cost
Use areas: character, province, and county

Tag: fort_level
Use areas: character, province, and county

Tag: tangut_opinion
Use areas: character

Tag: bobo_opinion
Use areas: character

Tag: mercenary_government_levy_contribution_mult
Use areas: character

Tag: archer_cavalry_maintenance_mult
Use areas: character

Tag: wetlands_construction_prestige_cost
Use areas: character, province, and county

Tag: mountains_advantage
Use areas: character

Tag: intrigue_scheme_power
Use areas: character

Tag: heavy_infantry_screen_add
Use areas: character

Tag: siege_weapon_toughness_add
Use areas: character

Tag: seduce_scheme_resistance_add
Use areas: character

Tag: farmlands_construction_prestige_cost
Use areas: character, province, and county

Tag: personal_scheme_power_mult
Use areas: character

Tag: cowed_vassal_tax_contribution_add
Use areas: character

Tag: tribal_government_tax_contribution_add
Use areas: character

Tag: archers_damage_mult
Use areas: character

Tag: different_culture_opinion
Use areas: character

Tag: tocharian_opinion
Use areas: character

Tag: max_sway_schemes_add
Use areas: character

Tag: swedish_opinion
Use areas: character

Tag: steppe_holding_construction_gold_cost
Use areas: character, province, and county

Tag: mountains_supply_limit
Use areas: character, province, and county

Tag: jungle_holding_construction_piety_cost
Use areas: character, province, and county

Tag: owned_personal_scheme_success_chance_add
Use areas: character

Tag: ai_zeal
Use areas: character

Tag: desert_cancel_negative_supply
Use areas: character

Tag: akan_opinion
Use areas: character

Tag: prowess
Use areas: character

Tag: nupe_opinion
Use areas: character

Tag: hills_development_growth
Use areas: character, province, and county

