Printing Modifier Definitions:
Tag: scheme_power_against_$SCRIPTED_RELATION$_add
Use areas: character

Tag: $TRAIT_TRACK$_xp_loss_mult
Use areas: character

Tag: dynasty_opinion
Use areas: character

Tag: $TERRAIN_TYPE$_construction_prestige_cost
Use areas: character, province, and county

Tag: $FAITH$_opinion
Use areas: character

Tag: $TERRAIN_TYPE$_attrition_mult
Use areas: character

Tag: $TERRAIN_TYPE$_travel_danger
Use areas: character, province, and county

Tag: stationed_$MEN_AT_ARMS_TYPE$_damage_add
Use areas: province

Tag: $RELIGIOUS$_opinion
Use areas: character

Tag: $CULTURE$_opinion
Use areas: character

Tag: $TERRAIN_TYPE$_supply_limit
Use areas: character, province, and county

Tag: scheme_power_against_$SCRIPTED_RELATION$_mult
Use areas: character

Tag: ai_boldness
Use areas: character

Tag: ai_compassion
Use areas: character

Tag: $MEN_AT_ARMS_TYPE$_siege_value_mult
Use areas: character

Tag: $MEN_AT_ARMS_TYPE$_toughness_mult
Use areas: character

Tag: same_faith_opinion
Use areas: character

Tag: $VASSAL_STANCE$_same_faith_opinion
Use areas: character

Tag: stationed_$MEN_AT_ARMS_TYPE$_pursuit_add
Use areas: province

Tag: $GEOGRAPHICAL_REGION$_development_growth_factor
Use areas: character, province, and county

Tag: $TERRAIN_TYPE$_development_growth
Use areas: character, province, and county

Tag: diplomatic_range_mult
Use areas: character

Tag: $TERRAIN_TYPE$_holding_construction_gold_cost
Use areas: character, province, and county

Tag: $SCHEME_TYPE$_scheme_resistance_add
Use areas: character

Tag: owned_hostile_scheme_success_chance_add
Use areas: character

Tag: build_piety_cost
Use areas: character, province, and county

Tag: $MEN_AT_ARMS_TYPE$_pursuit_mult
Use areas: character

Tag: stationed_$MEN_AT_ARMS_TYPE$_siege_value_mult
Use areas: province

Tag: $MEN_AT_ARMS_TYPE$_maintenance_mult
Use areas: character

Tag: $GOVERNMENT_TYPE$_opinion_same_faith
Use areas: character

Tag: $HOLDING_TYPE$_holding_build_gold_cost
Use areas: character, province, and county

Tag: $TERRAIN_TYPE$_holding_construction_prestige_cost
Use areas: character, province, and county

Tag: happy_powerful_vassal_tax_contribution_add
Use areas: character

Tag: personal_scheme_power_add
Use areas: character

Tag: intrigue_per_stress_level
Use areas: character

Tag: stationed_maa_screen_add
Use areas: province

Tag: ignore_different_faith_opinion
Use areas: character

Tag: $TERRAIN_TYPE$_min_combat_roll
Use areas: character

Tag: random_advantage
Use areas: character

Tag: $MEN_AT_ARMS_TYPE$_max_size_add
Use areas: character

Tag: $MEN_AT_ARMS_TYPE$_max_size_mult
Use areas: character

Tag: personal_scheme_resistance_mult
Use areas: character

Tag: $VASSAL_STANCE$_tax_contribution_add
Use areas: character

Tag: $GOVERNMENT_TYPE$_tax_contribution_add
Use areas: character

Tag: $TERRAIN_TYPE$_holding_construction_piety_cost
Use areas: character, province, and county

Tag: $GOVERNMENT_TYPE$_tax_contribution_mult
Use areas: character

Tag: max_$SCHEME_TYPE$_schemes_add
Use areas: character

Tag: mercenary_hire_cost_add
Use areas: character

Tag: $TERRAIN_TYPE$_development_growth_factor
Use areas: character, province, and county

Tag: fellow_vassal_opinion
Use areas: character

Tag: independent_primary_defender_advantage_add
Use areas: character

Tag: army_damage_mult
Use areas: character

Tag: $MEN_AT_ARMS_TYPE$_recruitment_cost_mult
Use areas: character

Tag: opinion_of_female_rulers
Use areas: character

Tag: $MEN_AT_ARMS_TYPE$_screen_add
Use areas: character

Tag: revolting_siege_morale_loss_mult
Use areas: character

Tag: revolting_siege_morale_loss_add
Use areas: character

Tag: $MEN_AT_ARMS_TYPE$_siege_value_add
Use areas: character

Tag: $TERRAIN_TYPE$_cancel_negative_supply
Use areas: character

Tag: stationed_$MEN_AT_ARMS_TYPE$_siege_value_add
Use areas: province

Tag: $SCHEME_TYPE$_scheme_resistance_mult
Use areas: character

Tag: $TERRAIN_TYPE$_construction_gold_cost
Use areas: character, province, and county

Tag: $MEN_AT_ARMS_TYPE$_screen_mult
Use areas: character

Tag: $TRAIT_TRACK$_xp_gain_mult
Use areas: character

Tag: stationed_$MEN_AT_ARMS_TYPE$_pursuit_mult
Use areas: province

Tag: vassal_tax_contribution_mult
Use areas: character

Tag: $MEN_AT_ARMS_TYPE$_toughness_add
Use areas: character

Tag: hard_casualty_modifier
Use areas: character and terrain

Tag: monthly_county_control_change_factor_even_if_baron
Use areas: character

Tag: naval_movement_speed_mult
Use areas: character

Tag: monthly_prestige_gain_per_dread_mult
Use areas: character

Tag: intimidated_vassal_levy_contribution_add
Use areas: character

Tag: stationed_$MEN_AT_ARMS_TYPE$_damage_mult
Use areas: province

Tag: $GOVERNMENT_TYPE$_vassal_opinion
Use areas: character

Tag: $VASSAL_STANCE$_levy_contribution_add
Use areas: character

Tag: hostile_scheme_resistance_add
Use areas: character

Tag: advantage
Use areas: character

Tag: dynasty_house_opinion
Use areas: character

Tag: prowess
Use areas: character

Tag: $GEOGRAPHICAL_REGION$_development_growth
Use areas: character, province, and county

Tag: $SCHEME_TYPE$_scheme_power_mult
Use areas: character

Tag: learning_per_stress_level
Use areas: character

Tag: $TRAIT_TRACK$_xp_degradation_mult
Use areas: character

Tag: stationed_maa_damage_add
Use areas: province

Tag: $TERRAIN_TYPE$_supply_limit_mult
Use areas: character, province, and county

Tag: monthly_income_mult
Use areas: character

Tag: maa_toughness_add
Use areas: character

Tag: domain_tax_different_faith_mult
Use areas: character

Tag: $TERRAIN_TYPE$_construction_piety_cost
Use areas: character, province, and county

Tag: faith_conversion_piety_cost_add
Use areas: character

Tag: monthly_income_per_stress_level_mult
Use areas: character

Tag: monthly_prestige_gain_per_knight_mult
Use areas: character

Tag: $GOVERNMENT_TYPE$_opinion
Use areas: character

Tag: opinion_of_same_faith
Use areas: character

Tag: $TERRAIN_TYPE$_max_combat_roll
Use areas: character

Tag: close_relative_opinion
Use areas: character

Tag: monthly_prestige
Use areas: character

Tag: courtier_and_guest_opinion
Use areas: character

Tag: stationed_$MEN_AT_ARMS_TYPE$_screen_mult
Use areas: province

Tag: diplomacy_scheme_resistance
Use areas: character

Tag: negate_diplomacy_penalty_add
Use areas: character

Tag: raid_speed
Use areas: character

Tag: levy_screen
Use areas: character

Tag: accolade_glory_gain_mult
Use areas: character

Tag: knight_effectiveness_per_tyranny
Use areas: character

Tag: character_travel_speed
Use areas: character

Tag: levy_reinforcement_rate
Use areas: character, province, and county

Tag: $TERRAIN_TYPE$_levy_size
Use areas: character, province, and county

Tag: max_combat_roll
Use areas: character

Tag: $VASSAL_STANCE$_different_faith_opinion
Use areas: character

Tag: different_faith_county_opinion_mult_even_if_baron
Use areas: character

Tag: $TERRAIN_TYPE$_advantage
Use areas: character

Tag: $VASSAL_STANCE$_levy_contribution_mult
Use areas: character

Tag: $HOLDING_TYPE$_build_gold_cost
Use areas: character, province, and county

Tag: monthly_piety_gain_per_happy_powerful_vassal_mult
Use areas: character

Tag: $SCHEME_TYPE$_scheme_power_add
Use areas: character

Tag: inbreeding_chance
Use areas: character

Tag: build_prestige_cost
Use areas: character, province, and county

Tag: cultural_acceptance_gain_mult
Use areas: culture

Tag: stationed_$MEN_AT_ARMS_TYPE$_screen_add
Use areas: province

Tag: prestige_level_impact_mult
Use areas: character

Tag: building_slot_add
Use areas: character, province, and county

Tag: $HOLDING_TYPE$_holding_build_prestige_cost
Use areas: character, province, and county

Tag: stationed_maa_toughness_mult
Use areas: province

Tag: monthly_tyranny
Use areas: character

Tag: winter_advantage
Use areas: character

Tag: hostile_scheme_resistance_mult
Use areas: character

Tag: $GOVERNMENT_TYPE$_levy_contribution_add
Use areas: character

Tag: different_faith_liege_opinion
Use areas: character

Tag: army_toughness_mult
Use areas: character

Tag: stationed_$MEN_AT_ARMS_TYPE$_toughness_add
Use areas: province

Tag: stationed_$MEN_AT_ARMS_TYPE$_toughness_mult
Use areas: province

Tag: travel_speed_mult
Use areas: travel_plan

Tag: $TERRAIN_TYPE$_tax_mult
Use areas: character, province, and county

Tag: direct_vassal_opinion
Use areas: character

Tag: $MEN_AT_ARMS_TYPE$_pursuit_add
Use areas: character

Tag: levy_siege
Use areas: character

Tag: cowed_vassal_tax_contribution_mult
Use areas: character

Tag: monthly_lifestyle_xp_gain_mult
Use areas: character

Tag: intimidated_vassal_tax_contribution_add
Use areas: character

Tag: tyranny_loss_mult
Use areas: character

Tag: $HOLDING_TYPE$_holding_build_speed
Use areas: character, province, and county

Tag: levy_reinforcement_rate_same_faith_even_if_baron
Use areas: character

Tag: $HOLDING_TYPE$_build_prestige_cost
Use areas: character, province, and county

Tag: monthly_prestige_gain_per_dread_add
Use areas: character

Tag: prowess_per_piety_level
Use areas: character

Tag: hostile_scheme_power_add
Use areas: character

Tag: intrigue
Use areas: character

Tag: cultural_head_acceptance_gain_mult
Use areas: character

Tag: $VASSAL_STANCE$_opinion
Use areas: character

Tag: monthly_prestige_gain_per_happy_powerful_vassal_add
Use areas: character

Tag: stress_gain_mult
Use areas: character

Tag: monthly_prestige_gain_per_knight_add
Use areas: character

Tag: no_prowess_loss_from_age
Use areas: character

Tag: $GOVERNMENT_TYPE$_levy_contribution_mult
Use areas: character

Tag: army_siege_value_mult
Use areas: character

Tag: cultural_head_fascination_add
Use areas: character

Tag: player_heir_opinion
Use areas: character

Tag: monthly_piety_from_buildings_mult
Use areas: character

Tag: intrigue_scheme_resistance
Use areas: character

Tag: learning_scheme_power
Use areas: character

Tag: same_culture_holy_order_hire_cost_mult
Use areas: character

Tag: negate_learning_penalty_add
Use areas: character

Tag: levy_attack
Use areas: character

Tag: stress_loss_per_piety_level
Use areas: character

Tag: opinion_of_same_culture
Use areas: character

Tag: character_travel_safety_mult
Use areas: character

Tag: scheme_power
Use areas: scheme

Tag: owned_scheme_secrecy_add
Use areas: character

Tag: domain_tax_different_faith_mult_even_if_baron
Use areas: character

Tag: men_at_arms_maintenance
Use areas: character

Tag: defender_advantage
Use areas: character

Tag: monthly_piety_gain_per_happy_powerful_vassal_add
Use areas: character

Tag: prowess_per_prestige_level
Use areas: character

Tag: maa_screen_mult
Use areas: character

Tag: defender_holding_advantage
Use areas: character, province, and county

Tag: dread_per_tyranny_mult
Use areas: character

Tag: general_opinion
Use areas: character

Tag: monthly_prestige_from_buildings_mult
Use areas: character

Tag: prowess_scheme_resistance
Use areas: character

Tag: monthly_$LIFESTYLE$_xp_gain_mult
Use areas: character

Tag: negate_prowess_penalty_add
Use areas: character

Tag: army_pursuit_mult
Use areas: character

Tag: counter_resistance
Use areas: character and terrain

Tag: independent_ruler_opinion
Use areas: character

Tag: strife_opinion_gain_mult
Use areas: character

Tag: monthly_dynasty_prestige
Use areas: character

Tag: opinion_of_parents
Use areas: character

Tag: tyranny_gain_mult
Use areas: character

Tag: levy_reinforcement_rate_different_faith_even_if_baron
Use areas: character

Tag: different_faith_opinion
Use areas: character

Tag: intrigue_per_piety_level
Use areas: character

Tag: monthly_county_control_change_at_war_mult
Use areas: character, province, and county

Tag: maa_damage_mult
Use areas: character

Tag: cowed_vassal_levy_contribution_add
Use areas: character

Tag: coastal_advantage
Use areas: character

Tag: mercenary_count_mult
Use areas: culture

Tag: $VASSAL_STANCE$_tax_contribution_mult
Use areas: character

Tag: hostile_scheme_power_mult
Use areas: character

Tag: powerful_vassal_opinion
Use areas: character

Tag: prisoner_opinion
Use areas: character

Tag: supply_limit
Use areas: character, province, and county

Tag: ai_war_cooldown
Use areas: character

Tag: holding_build_gold_cost
Use areas: character, province, and county

Tag: levy_toughness
Use areas: character

Tag: happy_powerful_vassal_tax_contribution_mult
Use areas: character

Tag: ai_zeal
Use areas: character

Tag: monthly_county_control_change_add_even_if_baron
Use areas: character

Tag: monthly_dread
Use areas: character

Tag: monthly_piety_gain_per_dread_mult
Use areas: character

Tag: dread_gain_mult
Use areas: character

Tag: martial
Use areas: character

Tag: maa_siege_value_add
Use areas: character

Tag: learning_per_prestige_level
Use areas: character

Tag: martial_per_piety_level
Use areas: character

Tag: maa_damage_add
Use areas: character

Tag: scheme_success_chance
Use areas: scheme

Tag: $MEN_AT_ARMS_TYPE$_damage_mult
Use areas: character

Tag: stationed_maa_siege_value_mult
Use areas: province

Tag: martial_per_stress_level
Use areas: character

Tag: stationed_maa_damage_mult
Use areas: province

Tag: opinion_of_different_faith_liege
Use areas: character

Tag: $HOLDING_TYPE$_holding_build_piety_cost
Use areas: character, province, and county

Tag: active_accolades
Use areas: character

Tag: dread_per_tyranny_add
Use areas: character

Tag: title_creation_cost_mult
Use areas: character

Tag: monthly_prestige_gain_mult
Use areas: character

Tag: monthly_piety
Use areas: character

Tag: siege_phase_time
Use areas: character

Tag: opinion_of_different_faith
Use areas: character

Tag: faith_creation_piety_cost_mult
Use areas: character

Tag: martial_scheme_resistance
Use areas: character

Tag: prowess_scheme_power
Use areas: character

Tag: vassal_limit
Use areas: character

Tag: supply_duration
Use areas: character

Tag: uncontrolled_province_advantage
Use areas: character

Tag: character_travel_safety
Use areas: character

Tag: health
Use areas: character

Tag: $MEN_AT_ARMS_TYPE$_damage_add
Use areas: character

Tag: ai_amenity_spending
Use areas: character

Tag: monthly_dynasty_prestige_mult
Use areas: character

Tag: $VASSAL_STANCE$_different_culture_opinion
Use areas: character

Tag: stewardship_per_piety_level
Use areas: character

Tag: stewardship_per_prestige_level
Use areas: character

Tag: martial_per_prestige_level
Use areas: character

Tag: pursue_efficiency
Use areas: character and terrain

Tag: life_expectancy
Use areas: character

Tag: movement_speed_land_raiding
Use areas: character

Tag: domain_tax_same_faith_mult
Use areas: character

Tag: monthly_piety_gain_mult
Use areas: character

Tag: knight_effectiveness_mult
Use areas: character

Tag: dread_decay_add
Use areas: character

Tag: eligible_child_except_player_heir_opinion
Use areas: character

Tag: ai_war_chance
Use areas: character

Tag: religious_head_opinion
Use areas: character

Tag: advantage_against_coreligionists
Use areas: character

Tag: holding_build_speed
Use areas: character, province, and county

Tag: travel_safety
Use areas: travel_plan

Tag: tax_mult
Use areas: character, province, and county

Tag: county_opinion_add
Use areas: character and county

Tag: ai_greed
Use areas: character

Tag: ignore_negative_opinion_of_culture
Use areas: character

Tag: twin_opinion
Use areas: character

Tag: min_combat_roll
Use areas: character

Tag: intimidated_vassal_tax_contribution_mult
Use areas: character

Tag: attacker_advantage
Use areas: character

Tag: artifact_decay_reduction_mult
Use areas: character, province, and county

Tag: county_opinion_add_even_if_baron
Use areas: character

Tag: men_at_arms_recruitment_cost
Use areas: character

Tag: diplomacy_per_piety_level
Use areas: character

Tag: fort_level
Use areas: character, province, and county

Tag: domain_limit
Use areas: character

Tag: maa_pursuit_mult
Use areas: character

Tag: monthly_war_income_mult
Use areas: character

Tag: culture_tradition_max_add
Use areas: culture

Tag: $HOLDING_TYPE$_build_piety_cost
Use areas: character, province, and county

Tag: supply_capacity_add
Use areas: character

Tag: stationed_maa_toughness_add
Use areas: province

Tag: garrison_size
Use areas: character, province, and county

Tag: led_by_owner_extra_advantage_add
Use areas: character

Tag: controlled_province_advantage
Use areas: character

Tag: max_loot_mult
Use areas: character

Tag: holding_build_piety_cost
Use areas: character, province, and county

Tag: scheme_discovery_chance_mult
Use areas: character

Tag: negate_fertility_penalty_add
Use areas: character

Tag: supply_loss_winter
Use areas: province

Tag: levy_reinforcement_rate_even_if_baron
Use areas: character

Tag: knight_limit
Use areas: character

Tag: monthly_prestige_gain_per_happy_powerful_vassal_mult
Use areas: character

Tag: monthly_piety_gain_per_dread_add
Use areas: character

Tag: diplomacy_per_prestige_level
Use areas: character

Tag: genetic_trait_strengthen_chance
Use areas: character

Tag: counter_efficiency
Use areas: character and terrain

Tag: hostile_county_attrition_raiding
Use areas: character

Tag: dread_baseline_add
Use areas: character

Tag: eligible_child_opinion
Use areas: character

Tag: same_culture_holy_order_hire_cost_add
Use areas: character

Tag: monthly_income
Use areas: character and province

Tag: negative_random_genetic_chance
Use areas: character

Tag: travel_danger
Use areas: character, province, and county

Tag: different_culture_opinion
Use areas: character

Tag: opinion_of_liege
Use areas: character

Tag: dread_loss_mult
Use areas: character

Tag: short_reign_duration_mult
Use areas: character

Tag: enemy_terrain_advantage
Use areas: character

Tag: domain_tax_same_faith_mult_even_if_baron
Use areas: character

Tag: build_speed
Use areas: character, province, and county

Tag: scheme_secrecy
Use areas: scheme

Tag: vassal_levy_contribution_add
Use areas: character

Tag: owned_personal_scheme_success_chance_add
Use areas: character

Tag: stationed_maa_pursuit_add
Use areas: province

Tag: councillor_opinion
Use areas: character

Tag: maa_screen_add
Use areas: character

Tag: $HOLDING_TYPE$_build_speed
Use areas: character, province, and county

Tag: monthly_piety_gain_per_knight_add
Use areas: character

Tag: prowess_per_stress_level
Use areas: character

Tag: levy_reinforcement_rate_friendly_territory
Use areas: character, province, and county

Tag: long_reign_bonus_mult
Use areas: character

Tag: levy_size
Use areas: character, province, and county

Tag: ignore_negative_culture_opinion
Use areas: character

Tag: cultural_head_fascination_mult
Use areas: character

Tag: child_opinion
Use areas: character

Tag: defender_winter_advantage
Use areas: province

Tag: holding_build_prestige_cost
Use areas: character, province, and county

Tag: learning_scheme_resistance
Use areas: character

Tag: same_culture_mercenary_hire_cost_add
Use areas: character

Tag: levy_pursuit
Use areas: character

Tag: ai_energy
Use areas: character

Tag: embarkation_cost_mult
Use areas: character

Tag: $VASSAL_STANCE$_same_culture_opinion
Use areas: character

Tag: diplomacy
Use areas: character

Tag: stewardship
Use areas: character

Tag: intrigue_per_prestige_level
Use areas: character

Tag: piety_level_impact_mult
Use areas: character

Tag: movement_speed
Use areas: character

Tag: dread_decay_mult
Use areas: character

Tag: guest_opinion
Use areas: character

Tag: ai_amenity_target_baseline
Use areas: character

Tag: same_culture_mercenary_hire_cost_mult
Use areas: character

Tag: army_screen_mult
Use areas: character

Tag: scheme_resistance
Use areas: scheme

Tag: knight_effectiveness_per_dread
Use areas: character

Tag: opinion_of_different_culture
Use areas: character

Tag: travel_companion_opinion
Use areas: character

Tag: travel_safety_mult
Use areas: travel_plan

Tag: ai_honor
Use areas: character

Tag: happy_powerful_vassal_levy_contribution_mult
Use areas: character

Tag: retreat_losses
Use areas: character and terrain

Tag: build_gold_cost
Use areas: character, province, and county

Tag: max_hostile_schemes_add
Use areas: character

Tag: monthly_income_per_stress_level_add
Use areas: character

Tag: maa_toughness_mult
Use areas: character

Tag: $RELIGIOUS_FAMILY$_opinion
Use areas: character

Tag: stationed_maa_siege_value_add
Use areas: province

Tag: faith_creation_piety_cost_add
Use areas: character

Tag: ai_sociability
Use areas: character

Tag: title_creation_cost
Use areas: character

Tag: travel_speed
Use areas: travel_plan

Tag: religious_vassal_opinion
Use areas: character

Tag: vassal_tax_mult
Use areas: character

Tag: same_culture_opinion
Use areas: character

Tag: enemy_hard_casualty_modifier
Use areas: character and terrain

Tag: cowed_vassal_tax_contribution_add
Use areas: character

Tag: prowess_no_portrait
Extra info: Doesn't affect portraits. Note that you can get some odd results when using negative values for people with negate_prowess_penalty_add
Use areas: character

Tag: personal_scheme_power_mult
Use areas: character

Tag: stewardship_per_stress_level
Use areas: character

Tag: levy_reinforcement_rate_different_faith
Use areas: character

Tag: happy_powerful_vassal_levy_contribution_add
Use areas: character

Tag: clergy_opinion
Use areas: character

Tag: courtier_opinion
Use areas: character

Tag: holy_order_hire_cost_mult
Use areas: character

Tag: diplomacy_scheme_power
Use areas: character

Tag: stewardship_scheme_power
Use areas: character

Tag: negate_intrigue_penalty_add
Use areas: character

Tag: negate_health_penalty_add
Use areas: character

Tag: negative_inactive_inheritance_chance
Use areas: character

Tag: positive_inactive_inheritance_chance
Use areas: character

Tag: different_faith_county_opinion_mult
Use areas: character

Tag: spouse_opinion
Use areas: character

Tag: domain_tax_mult_even_if_baron
Use areas: character

Tag: strife_opinion_loss_mult
Use areas: character

Tag: men_at_arms_limit
Use areas: character

Tag: monthly_war_income_add
Use areas: character

Tag: monthly_county_control_change_at_war_add
Use areas: character, province, and county

Tag: tolerance_advantage_mod
Use areas: character

Tag: development_growth
Use areas: character, province, and county

Tag: diplomacy_per_stress_level
Use areas: character

Tag: monthly_piety_gain_per_knight_mult
Use areas: character

Tag: maa_pursuit_add
Use areas: character

Tag: monthly_county_control_change_factor
Use areas: character, province, and county

Tag: years_of_fertility
Use areas: character

Tag: realm_priest_opinion
Use areas: character

Tag: supply_capacity_mult
Use areas: character

Tag: opinion_of_vassal
Use areas: character

Tag: monthly_court_grandeur_change_add
Use areas: character

Tag: child_except_player_heir_opinion
Use areas: character

Tag: no_disembark_penalty
Use areas: character

Tag: stress_loss_mult
Use areas: character

Tag: levy_maintenance
Use areas: character

Tag: opinion_of_male_rulers
Use areas: character

Tag: positive_random_genetic_chance
Use areas: character

Tag: domain_tax_mult
Use areas: character

Tag: attraction_opinion
Use areas: character

Tag: hostile_raid_time
Use areas: character, province, and county

Tag: ignore_opinion_of_different_faith
Use areas: character

Tag: ai_vengefulness
Use areas: character

Tag: men_at_arms_cap
Use areas: character

Tag: vassal_levy_contribution_mult
Use areas: character

Tag: no_water_crossing_penalty
Use areas: character

Tag: max_personal_schemes_add
Use areas: character

Tag: supply_limit_mult
Use areas: character, province, and county

Tag: personal_scheme_resistance_add
Use areas: character

Tag: enemy_personal_scheme_success_chance_add
Use areas: character

Tag: stationed_maa_pursuit_mult
Use areas: province

Tag: levy_reinforcement_rate_same_faith
Use areas: character

Tag: monthly_court_grandeur_change_mult
Use areas: character

Tag: learning
Use areas: character

Tag: holy_order_hire_cost_add
Use areas: character

Tag: mercenary_hire_cost_mult
Use areas: character

Tag: hard_casualty_winter
Use areas: province

Tag: stress_loss_per_prestige_level
Use areas: character

Tag: siege_morale_loss
Use areas: character

Tag: martial_scheme_power
Use areas: character

Tag: intrigue_scheme_power
Use areas: character

Tag: stewardship_scheme_resistance
Use areas: character

Tag: fertility
Use areas: character

Tag: negate_stewardship_penalty_add
Use areas: character

Tag: court_grandeur_baseline_add
Use areas: character

Tag: ai_rationality
Use areas: character

Tag: cowed_vassal_levy_contribution_mult
Use areas: character

Tag: intimidated_vassal_levy_contribution_mult
Use areas: character

Tag: army_maintenance_mult
Use areas: character

Tag: vassal_opinion
Use areas: character

Tag: additional_fort_level
Use areas: character, province, and county

Tag: hostile_county_attrition
Use areas: character

Tag: enemy_hostile_scheme_success_chance_add
Use areas: character

Tag: vassal_tax_contribution_add
Use areas: character

Tag: development_growth_factor
Use areas: character, province, and county

Tag: learning_per_piety_level
Use areas: character

Tag: character_capital_county_monthly_development_growth_add
Use areas: character

Tag: stationed_maa_screen_mult
Use areas: province

Tag: men_at_arms_maintenance_per_dread_mult
Use areas: character

Tag: maa_siege_value_mult
Use areas: character

Tag: monthly_county_control_change_add
Use areas: character, province, and county

Tag: faith_conversion_piety_cost_mult
Use areas: character

Tag: same_heritage_county_advantage_add
Use areas: character

Tag: liege_opinion
Use areas: character

Tag: winter_movement_speed
Use areas: character

Tag: negate_martial_penalty_add
Use areas: character

Tag: character_travel_speed_mult
Use areas: character

